2022-05-05 17:52:51.202 -04:00 [ERR] Invalid Steam App!
2022-05-05 17:52:59.190 -04:00 [INF] Updating cache (game)...
2022-05-05 17:53:00.257 -04:00 [WRN] No DLL selected! Skipping...
2022-05-05 17:53:00.272 -04:00 [WRN] No DLL selected! Skipping...
2022-05-05 17:53:00.274 -04:00 [WRN] No DLL selected! Skipping...
2022-05-05 17:53:00.274 -04:00 [WRN] No DLL selected! Skipping...
2022-05-05 17:53:11.073 -04:00 [INF] Updating cache (dlc)...
2022-05-05 17:53:19.997 -04:00 [INF] Initializing download...
2022-05-05 17:53:20.420 -04:00 [INF] Check if update is needed...
2022-05-05 17:53:20.487 -04:00 [ERR] An error occured, local Goldberg setup might be broken!
2022-05-05 17:53:20.492 -04:00 [INF] Starting download...
2022-05-05 17:53:20.496 -04:00 [DBG] https://gitlab.com/Mr_Goldberg/goldberg_emulator/-/jobs/2399785210/artifacts/download
2022-05-05 17:53:26.084 -04:00 [INF] Download finished!
2022-05-05 17:53:26.092 -04:00 [DBG] Start extraction...
2022-05-05 17:53:28.861 -04:00 [INF] Extraction was successful!
2022-05-05 17:53:28.866 -04:00 [INF] Getting global settings...
2022-05-05 17:53:28.907 -04:00 [INF] Got global settings.
2022-05-05 17:55:32.741 -04:00 [INF] Reading configuration...
2022-05-05 17:55:32.742 -04:00 [INF] "steam_appid.txt" missing! Skipping...
2022-05-05 17:55:32.743 -04:00 [INF] "steam_settings/achievements.json" missing! Skipping...
2022-05-05 17:55:32.743 -04:00 [INF] "steam_settings/DLC.txt" missing! Skipping...
2022-05-05 17:55:32.745 -04:00 [ERR] Invalid Steam App!
2022-05-05 17:55:32.749 -04:00 [DBG] Goldberg applied? False
2022-05-05 17:55:32.751 -04:00 [ERR] Invalid Steam App!
2022-05-05 17:55:42.377 -04:00 [INF] Trying to get app adventure
2022-05-05 17:56:07.047 -04:00 [ERR] Invalid Steam App!
2022-05-05 17:56:11.192 -04:00 [INF] Trying to get app adventure ca
2022-05-05 17:56:26.002 -04:00 [INF] Successfully got app 346900=AdVenture Capitalist
2022-05-05 17:56:26.037 -04:00 [INF] Trying to get app with ID 346900
2022-05-05 17:56:26.054 -04:00 [INF] Successfully got app 346900=AdVenture Capitalist
2022-05-05 17:56:26.081 -04:00 [INF] Get DLC for App 346900=AdVenture Capitalist
2022-05-05 17:56:27.261 -04:00 [INF] Got DLC successfully...
2022-05-05 17:56:27.262 -04:00 [DBG] 471650=AdVenture Capitalist - Savvy Investor Bundle
2022-05-05 17:56:27.262 -04:00 [INF] Get SteamDB App 346900=AdVenture Capitalist
2022-05-05 17:56:27.461 -04:00 [DBG] RanToCompletion
2022-05-05 17:56:27.466 -04:00 [ERR] Could not get DLC from SteamDB! Skipping...
2022-05-05 17:56:27.702 -04:00 [ERR] System.Net.Http.HttpRequestException: Response status code does not indicate success: 403 (Forbidden).
   at System.Net.Http.HttpResponseMessage.EnsureSuccessStatusCode()
   at GoldbergGUI.Core.Services.SteamService.GetListOfDlc(SteamApp steamApp, Boolean useSteamDb)
2022-05-05 17:56:29.476 -04:00 [INF] Get DLC for App 346900=AdVenture Capitalist
2022-05-05 17:56:29.878 -04:00 [INF] Got DLC successfully...
2022-05-05 17:56:29.878 -04:00 [INF] Get SteamDB App 346900=AdVenture Capitalist
2022-05-05 17:56:29.879 -04:00 [DBG] 471650=AdVenture Capitalist - Savvy Investor Bundle
2022-05-05 17:56:30.007 -04:00 [DBG] RanToCompletion
2022-05-05 17:56:30.008 -04:00 [ERR] Could not get DLC from SteamDB! Skipping...
2022-05-05 17:56:30.009 -04:00 [ERR] System.Net.Http.HttpRequestException: Response status code does not indicate success: 403 (Forbidden).
   at System.Net.Http.HttpResponseMessage.EnsureSuccessStatusCode()
   at GoldbergGUI.Core.Services.SteamService.GetListOfDlc(SteamApp steamApp, Boolean useSteamDb)
2022-05-05 17:56:35.101 -04:00 [INF] Getting achievements for App 346900=AdVenture Capitalist
2022-05-05 17:56:38.792 -04:00 [INF] Generate steam_interfaces.txt...
2022-05-05 17:56:38.800 -04:00 [DBG] GenerateInterfacesFile C:\Users\ls356\Downloads\UNALTERED STEAM GAMES\AdVenture Capitalist\adventure-capitalist_Data\Plugins\steam_api.dll
2022-05-05 17:56:44.589 -04:00 [INF] Saving global settings...
2022-05-05 17:56:44.592 -04:00 [INF] Setting global settings...
2022-05-05 17:56:44.592 -04:00 [INF] Setting account name...
2022-05-05 17:56:44.595 -04:00 [INF] Setting user Steam ID...
2022-05-05 17:56:44.596 -04:00 [INF] Setting language...
2022-05-05 17:56:44.598 -04:00 [INF] Empty list of custom broadcast IPs! Skipping...
2022-05-05 17:56:44.600 -04:00 [INF] Setting global configuration finished.
2022-05-05 17:56:44.602 -04:00 [INF] Saving Goldberg settings...
2022-05-05 17:56:44.673 -04:00 [INF] Saving configuration...
2022-05-05 17:56:44.673 -04:00 [INF] Running DLL setup...
2022-05-05 17:56:44.674 -04:00 [INF] Back up original Steam API DLL...
2022-05-05 17:56:44.675 -04:00 [INF] Copy Goldberg DLL to target path...
2022-05-05 17:56:44.681 -04:00 [INF] DLL setup finished!
2022-05-05 17:56:44.681 -04:00 [INF] Saving settings...
2022-05-05 17:56:44.684 -04:00 [INF] Downloading images...
2022-05-05 17:56:58.280 -04:00 [INF] Saving achievements...
2022-05-05 17:56:58.321 -04:00 [INF] Finished saving achievements.
2022-05-05 17:56:58.321 -04:00 [INF] Saving DLC settings...
2022-05-05 17:56:58.323 -04:00 [INF] Saved DLC settings.
2022-05-05 17:56:58.323 -04:00 [INF] Delete offline.txt if it exists
2022-05-05 17:56:58.324 -04:00 [INF] Delete disable_networking.txt if it exists
2022-05-05 17:56:58.324 -04:00 [INF] Delete disable_overlay.txt if it exists
2022-05-05 17:56:58.325 -04:00 [DBG] Goldberg applied? True
2022-05-05 17:57:13.521 -04:00 [INF] Reading configuration...
2022-05-05 17:57:13.522 -04:00 [INF] "steam_appid.txt" missing! Skipping...
2022-05-05 17:57:13.523 -04:00 [INF] "steam_settings/achievements.json" missing! Skipping...
2022-05-05 17:57:13.523 -04:00 [INF] "steam_settings/DLC.txt" missing! Skipping...
2022-05-05 17:57:13.525 -04:00 [ERR] Invalid Steam App!
2022-05-05 17:57:13.536 -04:00 [DBG] Goldberg applied? False
2022-05-05 17:57:13.537 -04:00 [ERR] Invalid Steam App!
2022-05-05 17:57:22.406 -04:00 [INF] Trying to get app cell to
2022-05-05 17:57:27.621 -04:00 [INF] Successfully got app 977400=Cell to Singularity - Evolution Never Ends
2022-05-05 17:57:27.647 -04:00 [INF] Trying to get app with ID 977400
2022-05-05 17:57:27.648 -04:00 [INF] Get DLC for App 977400=Cell to Singularity - Evolution Never Ends
2022-05-05 17:57:27.650 -04:00 [INF] Successfully got app 977400=Cell to Singularity - Evolution Never Ends
2022-05-05 17:57:27.964 -04:00 [INF] Got DLC successfully...
2022-05-05 17:57:27.965 -04:00 [INF] Get SteamDB App 977400=Cell to Singularity - Evolution Never Ends
2022-05-05 17:57:28.099 -04:00 [DBG] RanToCompletion
2022-05-05 17:57:28.100 -04:00 [ERR] Could not get DLC from SteamDB! Skipping...
2022-05-05 17:57:28.101 -04:00 [ERR] System.Net.Http.HttpRequestException: Response status code does not indicate success: 403 (Forbidden).
   at System.Net.Http.HttpResponseMessage.EnsureSuccessStatusCode()
   at GoldbergGUI.Core.Services.SteamService.GetListOfDlc(SteamApp steamApp, Boolean useSteamDb)
2022-05-05 17:57:29.909 -04:00 [INF] Get DLC for App 977400=Cell to Singularity - Evolution Never Ends
2022-05-05 17:57:30.178 -04:00 [INF] Got DLC successfully...
2022-05-05 17:57:30.178 -04:00 [INF] Get SteamDB App 977400=Cell to Singularity - Evolution Never Ends
2022-05-05 17:57:30.318 -04:00 [DBG] RanToCompletion
2022-05-05 17:57:30.319 -04:00 [ERR] Could not get DLC from SteamDB! Skipping...
2022-05-05 17:57:30.321 -04:00 [ERR] System.Net.Http.HttpRequestException: Response status code does not indicate success: 403 (Forbidden).
   at System.Net.Http.HttpResponseMessage.EnsureSuccessStatusCode()
   at GoldbergGUI.Core.Services.SteamService.GetListOfDlc(SteamApp steamApp, Boolean useSteamDb)
2022-05-05 17:57:32.362 -04:00 [INF] Getting achievements for App 977400=Cell to Singularity - Evolution Never Ends
2022-05-05 17:57:34.997 -04:00 [INF] Generate steam_interfaces.txt...
2022-05-05 17:57:34.999 -04:00 [DBG] GenerateInterfacesFile C:\Users\ls356\Downloads\UNALTERED STEAM GAMES\Cell to Singularity\CellToSingularity_Data\Plugins\x86_64\steam_api64.dll
2022-05-05 17:57:38.309 -04:00 [INF] Saving global settings...
2022-05-05 17:57:38.309 -04:00 [INF] Setting global settings...
2022-05-05 17:57:38.309 -04:00 [INF] Setting account name...
2022-05-05 17:57:38.311 -04:00 [INF] Setting user Steam ID...
2022-05-05 17:57:38.312 -04:00 [INF] Setting language...
2022-05-05 17:57:38.314 -04:00 [INF] Empty list of custom broadcast IPs! Skipping...
2022-05-05 17:57:38.314 -04:00 [INF] Setting global configuration finished.
2022-05-05 17:57:38.314 -04:00 [INF] Saving Goldberg settings...
2022-05-05 17:57:38.318 -04:00 [INF] Saving configuration...
2022-05-05 17:57:38.318 -04:00 [INF] Running DLL setup...
2022-05-05 17:57:38.319 -04:00 [INF] Back up original Steam API DLL...
2022-05-05 17:57:38.321 -04:00 [INF] Copy Goldberg DLL to target path...
2022-05-05 17:57:38.327 -04:00 [INF] DLL setup finished!
2022-05-05 17:57:38.327 -04:00 [INF] Saving settings...
2022-05-05 17:57:38.339 -04:00 [INF] Downloading images...
2022-05-05 17:57:47.127 -04:00 [INF] Saving achievements...
2022-05-05 17:57:47.146 -04:00 [INF] Finished saving achievements.
2022-05-05 17:57:47.146 -04:00 [INF] No DLC set! Removing DLC configuration files...
2022-05-05 17:57:47.147 -04:00 [INF] Removed DLC configuration files.
2022-05-05 17:57:47.147 -04:00 [INF] Delete offline.txt if it exists
2022-05-05 17:57:47.147 -04:00 [INF] Delete disable_networking.txt if it exists
2022-05-05 17:57:47.147 -04:00 [INF] Delete disable_overlay.txt if it exists
2022-05-05 17:57:47.148 -04:00 [DBG] Goldberg applied? True
2022-05-05 17:57:58.518 -04:00 [INF] Reading configuration...
2022-05-05 17:57:58.519 -04:00 [INF] Getting AppID...
2022-05-05 17:57:58.529 -04:00 [INF] "steam_settings/achievements.json" missing! Skipping...
2022-05-05 17:57:58.529 -04:00 [INF] "steam_settings/DLC.txt" missing! Skipping...
2022-05-05 17:57:58.538 -04:00 [INF] Trying to get app with ID 363970
2022-05-05 17:57:58.540 -04:00 [INF] Successfully got app 363970=Clicker Heroes
2022-05-05 17:57:58.552 -04:00 [DBG] Goldberg applied? False
2022-05-05 17:57:58.558 -04:00 [INF] Get DLC for App 363970=Clicker Heroes
2022-05-05 17:57:58.936 -04:00 [INF] Got DLC successfully...
2022-05-05 17:57:58.937 -04:00 [INF] Get SteamDB App 363970=Clicker Heroes
2022-05-05 17:57:58.937 -04:00 [DBG] 565261=Clicker Heroes: Red-Nosed Clickdeer
2022-05-05 17:57:58.938 -04:00 [DBG] 447220=Clicker Heroes: Zombie Auto Clicker
2022-05-05 17:57:58.938 -04:00 [DBG] 591620=Clicker Heroes: Boxy & Bloop Auto Clicker
2022-05-05 17:57:58.938 -04:00 [DBG] 556650=Clicker Heroes: Turkey Auto Clucker
2022-05-05 17:57:58.938 -04:00 [DBG] 702750=Clicker Heroes: Unicorn Auto Clicker
2022-05-05 17:57:59.059 -04:00 [DBG] RanToCompletion
2022-05-05 17:57:59.059 -04:00 [ERR] Could not get DLC from SteamDB! Skipping...
2022-05-05 17:57:59.060 -04:00 [ERR] System.Net.Http.HttpRequestException: Response status code does not indicate success: 403 (Forbidden).
   at System.Net.Http.HttpResponseMessage.EnsureSuccessStatusCode()
   at GoldbergGUI.Core.Services.SteamService.GetListOfDlc(SteamApp steamApp, Boolean useSteamDb)
2022-05-05 17:58:00.664 -04:00 [INF] Trying to get app Clicker Heroes
2022-05-05 17:58:00.672 -04:00 [INF] Successfully got app 363970=Clicker Heroes
2022-05-05 17:58:00.677 -04:00 [INF] Trying to get app with ID 363970
2022-05-05 17:58:00.678 -04:00 [INF] Get DLC for App 363970=Clicker Heroes
2022-05-05 17:58:00.679 -04:00 [INF] Successfully got app 363970=Clicker Heroes
2022-05-05 17:58:01.025 -04:00 [INF] Got DLC successfully...
2022-05-05 17:58:01.026 -04:00 [INF] Get SteamDB App 363970=Clicker Heroes
2022-05-05 17:58:01.026 -04:00 [DBG] 565261=Clicker Heroes: Red-Nosed Clickdeer
2022-05-05 17:58:01.027 -04:00 [DBG] 447220=Clicker Heroes: Zombie Auto Clicker
2022-05-05 17:58:01.026 -04:00 [DBG] 556650=Clicker Heroes: Turkey Auto Clucker
2022-05-05 17:58:01.030 -04:00 [DBG] 702750=Clicker Heroes: Unicorn Auto Clicker
2022-05-05 17:58:01.030 -04:00 [DBG] 591620=Clicker Heroes: Boxy & Bloop Auto Clicker
2022-05-05 17:58:01.200 -04:00 [DBG] RanToCompletion
2022-05-05 17:58:01.201 -04:00 [ERR] Could not get DLC from SteamDB! Skipping...
2022-05-05 17:58:01.203 -04:00 [ERR] System.Net.Http.HttpRequestException: Response status code does not indicate success: 403 (Forbidden).
   at System.Net.Http.HttpResponseMessage.EnsureSuccessStatusCode()
   at GoldbergGUI.Core.Services.SteamService.GetListOfDlc(SteamApp steamApp, Boolean useSteamDb)
2022-05-05 17:58:05.582 -04:00 [INF] Get DLC for App 363970=Clicker Heroes
2022-05-05 17:58:05.895 -04:00 [INF] Got DLC successfully...
2022-05-05 17:58:05.896 -04:00 [INF] Get SteamDB App 363970=Clicker Heroes
2022-05-05 17:58:05.898 -04:00 [DBG] 447220=Clicker Heroes: Zombie Auto Clicker
2022-05-05 17:58:05.899 -04:00 [DBG] 565261=Clicker Heroes: Red-Nosed Clickdeer
2022-05-05 17:58:05.899 -04:00 [DBG] 702750=Clicker Heroes: Unicorn Auto Clicker
2022-05-05 17:58:05.900 -04:00 [DBG] 556650=Clicker Heroes: Turkey Auto Clucker
2022-05-05 17:58:05.901 -04:00 [DBG] 591620=Clicker Heroes: Boxy & Bloop Auto Clicker
2022-05-05 17:58:06.015 -04:00 [DBG] RanToCompletion
2022-05-05 17:58:06.016 -04:00 [ERR] Could not get DLC from SteamDB! Skipping...
2022-05-05 17:58:06.018 -04:00 [ERR] System.Net.Http.HttpRequestException: Response status code does not indicate success: 403 (Forbidden).
   at System.Net.Http.HttpResponseMessage.EnsureSuccessStatusCode()
   at GoldbergGUI.Core.Services.SteamService.GetListOfDlc(SteamApp steamApp, Boolean useSteamDb)
2022-05-05 17:58:08.471 -04:00 [INF] Getting achievements for App 363970=Clicker Heroes
2022-05-05 17:58:10.941 -04:00 [INF] Generate steam_interfaces.txt...
2022-05-05 17:58:10.943 -04:00 [DBG] GenerateInterfacesFile C:\Users\ls356\Downloads\UNALTERED STEAM GAMES\Clicker Heroes\steam_api.dll
2022-05-05 17:58:11.983 -04:00 [INF] Saving global settings...
2022-05-05 17:58:11.983 -04:00 [INF] Setting global settings...
2022-05-05 17:58:11.983 -04:00 [INF] Setting account name...
2022-05-05 17:58:11.985 -04:00 [INF] Setting user Steam ID...
2022-05-05 17:58:11.987 -04:00 [INF] Setting language...
2022-05-05 17:58:11.989 -04:00 [INF] Empty list of custom broadcast IPs! Skipping...
2022-05-05 17:58:11.989 -04:00 [INF] Setting global configuration finished.
2022-05-05 17:58:11.989 -04:00 [INF] Saving Goldberg settings...
2022-05-05 17:58:11.993 -04:00 [INF] Saving configuration...
2022-05-05 17:58:11.993 -04:00 [INF] Running DLL setup...
2022-05-05 17:58:11.993 -04:00 [INF] Back up original Steam API DLL...
2022-05-05 17:58:11.994 -04:00 [INF] Copy Goldberg DLL to target path...
2022-05-05 17:58:11.999 -04:00 [INF] DLL setup finished!
2022-05-05 17:58:11.999 -04:00 [INF] Saving settings...
2022-05-05 17:58:12.006 -04:00 [INF] Downloading images...
2022-05-05 17:58:27.264 -04:00 [INF] Saving achievements...
2022-05-05 17:58:27.273 -04:00 [INF] Finished saving achievements.
2022-05-05 17:58:27.273 -04:00 [INF] Saving DLC settings...
2022-05-05 17:58:27.274 -04:00 [INF] Saved DLC settings.
2022-05-05 17:58:27.275 -04:00 [INF] Delete offline.txt if it exists
2022-05-05 17:58:27.275 -04:00 [INF] Delete disable_networking.txt if it exists
2022-05-05 17:58:27.275 -04:00 [INF] Delete disable_overlay.txt if it exists
2022-05-05 17:58:27.276 -04:00 [DBG] Goldberg applied? True
2022-05-05 17:59:12.718 -04:00 [INF] Reading configuration...
2022-05-05 17:59:12.719 -04:00 [INF] "steam_appid.txt" missing! Skipping...
2022-05-05 17:59:12.719 -04:00 [INF] "steam_settings/achievements.json" missing! Skipping...
2022-05-05 17:59:12.719 -04:00 [INF] "steam_settings/DLC.txt" missing! Skipping...
2022-05-05 17:59:12.721 -04:00 [ERR] Invalid Steam App!
2022-05-05 17:59:12.736 -04:00 [DBG] Goldberg applied? False
2022-05-05 17:59:12.737 -04:00 [ERR] Invalid Steam App!
2022-05-05 17:59:15.655 -04:00 [ERR] Invalid Steam App!
2022-05-05 17:59:22.161 -04:00 [INF] Trying to get app when
2022-05-05 17:59:31.314 -04:00 [INF] Successfully got app 1021950=When the Darkness comes
2022-05-05 17:59:31.345 -04:00 [INF] Trying to get app with ID 1021950
2022-05-05 17:59:31.346 -04:00 [INF] Successfully got app 1021950=When the Darkness comes
2022-05-05 17:59:31.349 -04:00 [INF] Get DLC for App 1021950=When the Darkness comes
2022-05-05 17:59:31.716 -04:00 [INF] Got DLC successfully...
2022-05-05 17:59:31.716 -04:00 [INF] Get SteamDB App 1021950=When the Darkness comes
2022-05-05 17:59:31.841 -04:00 [DBG] RanToCompletion
2022-05-05 17:59:31.842 -04:00 [ERR] Could not get DLC from SteamDB! Skipping...
2022-05-05 17:59:31.842 -04:00 [ERR] System.Net.Http.HttpRequestException: Response status code does not indicate success: 403 (Forbidden).
   at System.Net.Http.HttpResponseMessage.EnsureSuccessStatusCode()
   at GoldbergGUI.Core.Services.SteamService.GetListOfDlc(SteamApp steamApp, Boolean useSteamDb)
2022-05-05 17:59:33.296 -04:00 [INF] Get DLC for App 1021950=When the Darkness comes
2022-05-05 17:59:33.646 -04:00 [INF] Got DLC successfully...
2022-05-05 17:59:33.646 -04:00 [INF] Get SteamDB App 1021950=When the Darkness comes
2022-05-05 17:59:33.789 -04:00 [DBG] RanToCompletion
2022-05-05 17:59:33.790 -04:00 [ERR] Could not get DLC from SteamDB! Skipping...
2022-05-05 17:59:33.791 -04:00 [ERR] System.Net.Http.HttpRequestException: Response status code does not indicate success: 403 (Forbidden).
   at System.Net.Http.HttpResponseMessage.EnsureSuccessStatusCode()
   at GoldbergGUI.Core.Services.SteamService.GetListOfDlc(SteamApp steamApp, Boolean useSteamDb)
2022-05-05 17:59:36.164 -04:00 [INF] Getting achievements for App 1021950=When the Darkness comes
2022-05-05 17:59:56.277 -04:00 [INF] Generate steam_interfaces.txt...
2022-05-05 17:59:56.279 -04:00 [DBG] GenerateInterfacesFile C:\Users\ls356\Downloads\UNALTERED STEAM GAMES\When the Darkness comes\WhenTheDarknessComes_Data\Plugins\steam_api64.dll
2022-05-05 17:59:57.316 -04:00 [INF] Saving global settings...
2022-05-05 17:59:57.316 -04:00 [INF] Setting global settings...
2022-05-05 17:59:57.316 -04:00 [INF] Setting account name...
2022-05-05 17:59:57.322 -04:00 [INF] Setting user Steam ID...
2022-05-05 17:59:57.324 -04:00 [INF] Setting language...
2022-05-05 17:59:57.325 -04:00 [INF] Empty list of custom broadcast IPs! Skipping...
2022-05-05 17:59:57.326 -04:00 [INF] Setting global configuration finished.
2022-05-05 17:59:57.326 -04:00 [INF] Saving Goldberg settings...
2022-05-05 17:59:57.330 -04:00 [INF] Saving configuration...
2022-05-05 17:59:57.330 -04:00 [INF] Running DLL setup...
2022-05-05 17:59:57.331 -04:00 [INF] Back up original Steam API DLL...
2022-05-05 17:59:57.332 -04:00 [INF] Copy Goldberg DLL to target path...
2022-05-05 17:59:57.339 -04:00 [INF] DLL setup finished!
2022-05-05 17:59:57.339 -04:00 [INF] Saving settings...
2022-05-05 17:59:57.343 -04:00 [INF] Downloading images...
2022-05-05 18:00:11.490 -04:00 [INF] Saving achievements...
2022-05-05 18:00:11.496 -04:00 [INF] Finished saving achievements.
2022-05-05 18:00:11.496 -04:00 [INF] No DLC set! Removing DLC configuration files...
2022-05-05 18:00:11.497 -04:00 [INF] Removed DLC configuration files.
2022-05-05 18:00:11.497 -04:00 [INF] Delete offline.txt if it exists
2022-05-05 18:00:11.497 -04:00 [INF] Delete disable_networking.txt if it exists
2022-05-05 18:00:11.497 -04:00 [INF] Delete disable_overlay.txt if it exists
2022-05-05 18:00:11.498 -04:00 [DBG] Goldberg applied? True
2022-05-05 18:00:43.798 -04:00 [INF] Saving global settings...
2022-05-05 18:00:43.798 -04:00 [INF] Setting global settings...
2022-05-05 18:00:43.798 -04:00 [INF] Setting account name...
2022-05-05 18:00:43.801 -04:00 [INF] Setting user Steam ID...
2022-05-05 18:00:43.803 -04:00 [INF] Setting language...
2022-05-05 18:00:43.806 -04:00 [INF] Empty list of custom broadcast IPs! Skipping...
2022-05-05 18:00:43.807 -04:00 [INF] Setting global configuration finished.
2022-05-05 18:00:43.807 -04:00 [INF] Saving Goldberg settings...
2022-05-05 18:00:43.820 -04:00 [INF] Saving configuration...
2022-05-05 18:00:43.820 -04:00 [INF] Running DLL setup...
2022-05-05 18:00:43.827 -04:00 [INF] Copy Goldberg DLL to target path...
2022-05-05 18:00:43.846 -04:00 [INF] DLL setup finished!
2022-05-05 18:00:43.846 -04:00 [INF] Saving settings...
2022-05-05 18:00:43.868 -04:00 [INF] Downloading images...
2022-05-05 18:00:43.943 -04:00 [INF] Saving achievements...
2022-05-05 18:00:43.961 -04:00 [INF] Finished saving achievements.
2022-05-05 18:00:43.961 -04:00 [INF] No DLC set! Removing DLC configuration files...
2022-05-05 18:00:43.962 -04:00 [INF] Removed DLC configuration files.
2022-05-05 18:00:43.962 -04:00 [INF] Delete offline.txt if it exists
2022-05-05 18:00:43.962 -04:00 [INF] Delete disable_networking.txt if it exists
2022-05-05 18:00:43.963 -04:00 [INF] Delete disable_overlay.txt if it exists
2022-05-05 18:00:43.963 -04:00 [DBG] Goldberg applied? True
2022-05-05 18:19:22.169 -04:00 [INF] Reading configuration...
2022-05-05 18:19:22.173 -04:00 [INF] Getting AppID...
2022-05-05 18:19:22.190 -04:00 [INF] Getting achievements...
2022-05-05 18:19:22.228 -04:00 [INF] "steam_settings/DLC.txt" missing! Skipping...
2022-05-05 18:19:22.242 -04:00 [INF] Trying to get app with ID 1021950
2022-05-05 18:19:22.288 -04:00 [INF] Successfully got app 1021950=When the Darkness comes
2022-05-05 18:19:22.505 -04:00 [DBG] Goldberg applied? True
2022-05-05 18:19:27.295 -04:00 [INF] Trying to get app When the Darkness comes
2022-05-05 18:19:27.982 -04:00 [INF] Successfully got app 1021950=When the Darkness comes
2022-05-05 18:19:27.983 -04:00 [INF] Trying to get app with ID 1021950
2022-05-05 18:19:27.984 -04:00 [INF] Get DLC for App 1021950=When the Darkness comes
2022-05-05 18:19:27.986 -04:00 [INF] Successfully got app 1021950=When the Darkness comes
2022-05-05 18:19:28.879 -04:00 [INF] Got DLC successfully...
2022-05-05 18:19:28.881 -04:00 [INF] Get SteamDB App 1021950=When the Darkness comes
2022-05-05 18:19:29.083 -04:00 [DBG] RanToCompletion
2022-05-05 18:19:29.086 -04:00 [ERR] Could not get DLC from SteamDB! Skipping...
2022-05-05 18:19:29.092 -04:00 [ERR] System.Net.Http.HttpRequestException: Response status code does not indicate success: 403 (Forbidden).
   at System.Net.Http.HttpResponseMessage.EnsureSuccessStatusCode()
   at GoldbergGUI.Core.Services.SteamService.GetListOfDlc(SteamApp steamApp, Boolean useSteamDb)
2022-05-05 18:19:30.595 -04:00 [INF] Getting achievements for App 1021950=When the Darkness comes
2022-05-05 18:19:32.098 -04:00 [INF] Saving global settings...
2022-05-05 18:19:32.098 -04:00 [INF] Setting global settings...
2022-05-05 18:19:32.098 -04:00 [INF] Setting account name...
2022-05-05 18:19:32.100 -04:00 [INF] Setting user Steam ID...
2022-05-05 18:19:32.101 -04:00 [INF] Setting language...
2022-05-05 18:19:32.102 -04:00 [INF] Empty list of custom broadcast IPs! Skipping...
2022-05-05 18:19:32.112 -04:00 [INF] Setting global configuration finished.
2022-05-05 18:19:32.112 -04:00 [INF] Saving Goldberg settings...
2022-05-05 18:19:32.122 -04:00 [INF] Saving configuration...
2022-05-05 18:19:32.123 -04:00 [INF] Running DLL setup...
2022-05-05 18:19:32.126 -04:00 [INF] Copy Goldberg DLL to target path...
2022-05-05 18:19:32.147 -04:00 [INF] DLL setup finished!
2022-05-05 18:19:32.148 -04:00 [INF] Saving settings...
2022-05-05 18:19:32.150 -04:00 [INF] Downloading images...
2022-05-05 18:19:32.167 -04:00 [INF] Saving achievements...
2022-05-05 18:19:32.179 -04:00 [INF] Finished saving achievements.
2022-05-05 18:19:32.179 -04:00 [INF] No DLC set! Removing DLC configuration files...
2022-05-05 18:19:32.180 -04:00 [INF] Removed DLC configuration files.
2022-05-05 18:19:32.180 -04:00 [INF] Delete offline.txt if it exists
2022-05-05 18:19:32.180 -04:00 [INF] Delete disable_networking.txt if it exists
2022-05-05 18:19:32.180 -04:00 [INF] Delete disable_overlay.txt if it exists
2022-05-05 18:19:32.181 -04:00 [DBG] Goldberg applied? True
2022-05-05 18:19:33.223 -04:00 [INF] Saving global settings...
2022-05-05 18:19:33.224 -04:00 [INF] Setting global settings...
2022-05-05 18:19:33.224 -04:00 [INF] Setting account name...
2022-05-05 18:19:33.226 -04:00 [INF] Setting user Steam ID...
2022-05-05 18:19:33.230 -04:00 [INF] Setting language...
2022-05-05 18:19:33.232 -04:00 [INF] Empty list of custom broadcast IPs! Skipping...
2022-05-05 18:19:33.232 -04:00 [INF] Setting global configuration finished.
2022-05-05 18:19:33.233 -04:00 [INF] Saving Goldberg settings...
2022-05-05 18:19:33.244 -04:00 [INF] Saving configuration...
2022-05-05 18:19:33.244 -04:00 [INF] Running DLL setup...
2022-05-05 18:19:33.248 -04:00 [INF] Copy Goldberg DLL to target path...
2022-05-05 18:19:33.254 -04:00 [INF] DLL setup finished!
2022-05-05 18:19:33.254 -04:00 [INF] Saving settings...
2022-05-05 18:19:33.256 -04:00 [INF] Downloading images...
2022-05-05 18:19:33.268 -04:00 [INF] Saving achievements...
2022-05-05 18:19:33.275 -04:00 [INF] Finished saving achievements.
2022-05-05 18:19:33.275 -04:00 [INF] No DLC set! Removing DLC configuration files...
2022-05-05 18:19:33.275 -04:00 [INF] Removed DLC configuration files.
2022-05-05 18:19:33.276 -04:00 [INF] Delete offline.txt if it exists
2022-05-05 18:19:33.276 -04:00 [INF] Delete disable_networking.txt if it exists
2022-05-05 18:19:33.276 -04:00 [INF] Delete disable_overlay.txt if it exists
2022-05-05 18:19:33.277 -04:00 [DBG] Goldberg applied? True
2022-05-05 18:20:35.537 -04:00 [WRN] File selection canceled.
2022-05-05 19:40:30.762 -04:00 [ERR] Invalid Steam App!
2022-05-05 19:40:32.116 -04:00 [INF] Initializing download...
2022-05-05 19:40:32.552 -04:00 [WRN] No DLL selected! Skipping...
2022-05-05 19:40:32.559 -04:00 [WRN] No DLL selected! Skipping...
2022-05-05 19:40:32.560 -04:00 [WRN] No DLL selected! Skipping...
2022-05-05 19:40:32.560 -04:00 [WRN] No DLL selected! Skipping...
2022-05-05 19:40:33.982 -04:00 [INF] Check if update is needed...
2022-05-05 19:40:34.001 -04:00 [ERR] An error occured, local Goldberg setup might be broken!
2022-05-05 19:40:34.001 -04:00 [INF] Starting download...
2022-05-05 19:40:34.003 -04:00 [DBG] https://gitlab.com/Mr_Goldberg/goldberg_emulator/-/jobs/2399785210/artifacts/download
2022-05-05 19:40:40.396 -04:00 [INF] Download finished!
2022-05-05 19:40:40.406 -04:00 [DBG] Start extraction...
2022-05-05 19:40:43.608 -04:00 [INF] Extraction was successful!
2022-05-05 19:40:43.625 -04:00 [INF] Getting global settings...
2022-05-05 19:40:43.780 -04:00 [INF] Got global settings.
2022-05-05 19:41:07.023 -04:00 [INF] Reading configuration...
2022-05-05 19:41:07.024 -04:00 [INF] "steam_appid.txt" missing! Skipping...
2022-05-05 19:41:07.027 -04:00 [INF] "steam_settings/achievements.json" missing! Skipping...
2022-05-05 19:41:07.027 -04:00 [INF] "steam_settings/DLC.txt" missing! Skipping...
2022-05-05 19:41:07.035 -04:00 [DBG] Goldberg applied? False
2022-05-05 19:41:07.039 -04:00 [ERR] Invalid Steam App!
2022-05-05 19:41:07.042 -04:00 [ERR] Invalid Steam App!
2022-05-05 19:41:10.159 -04:00 [ERR] Invalid Steam App!
2022-05-05 19:41:18.493 -04:00 [INF] Trying to get app idle spiral
2022-05-05 19:41:18.987 -04:00 [INF] Successfully got app 1827980=Idle Spiral
2022-05-05 19:41:18.999 -04:00 [INF] Trying to get app with ID 1827980
2022-05-05 19:41:19.010 -04:00 [INF] Successfully got app 1827980=Idle Spiral
2022-05-05 19:41:19.039 -04:00 [INF] Get DLC for App 1827980=Idle Spiral
2022-05-05 19:41:20.376 -04:00 [INF] Got DLC successfully...
2022-05-05 19:41:20.377 -04:00 [INF] Get SteamDB App 1827980=Idle Spiral
2022-05-05 19:41:20.378 -04:00 [DBG] 1969890=Idle Spiral - Daily Spiral Pack
2022-05-05 19:41:20.378 -04:00 [DBG] 1935211=Idle Spiral - Arrow Pack
2022-05-05 19:41:20.378 -04:00 [DBG] 1935210=Idle Spiral - Snake Pack
2022-05-05 19:41:20.378 -04:00 [DBG] 1935190=Idle Spiral - Bubble Spiral Pack
2022-05-05 19:41:20.620 -04:00 [DBG] RanToCompletion
2022-05-05 19:41:20.627 -04:00 [ERR] Could not get DLC from SteamDB! Skipping...
2022-05-05 19:41:20.878 -04:00 [ERR] System.Net.Http.HttpRequestException: Response status code does not indicate success: 403 (Forbidden).
   at System.Net.Http.HttpResponseMessage.EnsureSuccessStatusCode()
   at GoldbergGUI.Core.Services.SteamService.GetListOfDlc(SteamApp steamApp, Boolean useSteamDb)
2022-05-05 19:41:24.381 -04:00 [INF] Getting achievements for App 1827980=Idle Spiral
2022-05-05 19:41:28.201 -04:00 [INF] Generate steam_interfaces.txt...
2022-05-05 19:41:28.211 -04:00 [DBG] GenerateInterfacesFile C:\Users\ls356\Downloads\UNALTERED STEAM GAMES\Idle Spiral\IdleSpiral_Data\Plugins\x86_64\steam_api64.dll
2022-05-05 19:41:29.368 -04:00 [INF] Saving global settings...
2022-05-05 19:41:29.371 -04:00 [INF] Setting global settings...
2022-05-05 19:41:29.372 -04:00 [INF] Setting account name...
2022-05-05 19:41:29.374 -04:00 [INF] Setting user Steam ID...
2022-05-05 19:41:29.375 -04:00 [INF] Setting language...
2022-05-05 19:41:29.376 -04:00 [INF] Empty list of custom broadcast IPs! Skipping...
2022-05-05 19:41:29.380 -04:00 [INF] Setting global configuration finished.
2022-05-05 19:41:29.383 -04:00 [INF] Saving Goldberg settings...
2022-05-05 19:41:29.453 -04:00 [INF] Saving configuration...
2022-05-05 19:41:29.454 -04:00 [INF] Running DLL setup...
2022-05-05 19:41:29.454 -04:00 [INF] Back up original Steam API DLL...
2022-05-05 19:41:29.457 -04:00 [INF] Copy Goldberg DLL to target path...
2022-05-05 19:41:29.464 -04:00 [INF] DLL setup finished!
2022-05-05 19:41:29.465 -04:00 [INF] Saving settings...
2022-05-05 19:41:29.468 -04:00 [INF] Downloading images...
2022-05-05 19:41:40.857 -04:00 [INF] Saving achievements...
2022-05-05 19:41:40.890 -04:00 [INF] Finished saving achievements.
2022-05-05 19:41:40.891 -04:00 [INF] Saving DLC settings...
2022-05-05 19:41:40.893 -04:00 [INF] Saved DLC settings.
2022-05-05 19:41:40.893 -04:00 [INF] Delete offline.txt if it exists
2022-05-05 19:41:40.893 -04:00 [INF] Delete disable_networking.txt if it exists
2022-05-05 19:41:40.893 -04:00 [INF] Delete disable_overlay.txt if it exists
2022-05-05 19:41:40.894 -04:00 [DBG] Goldberg applied? True
2022-05-05 19:42:22.369 -04:00 [INF] Saving global settings...
2022-05-05 19:42:22.369 -04:00 [INF] Setting global settings...
2022-05-05 19:42:22.370 -04:00 [INF] Setting account name...
2022-05-05 19:42:22.372 -04:00 [INF] Setting user Steam ID...
2022-05-05 19:42:22.374 -04:00 [INF] Setting language...
2022-05-05 19:42:22.376 -04:00 [INF] Empty list of custom broadcast IPs! Skipping...
2022-05-05 19:42:22.377 -04:00 [INF] Setting global configuration finished.
2022-05-05 19:42:22.378 -04:00 [INF] Saving Goldberg settings...
2022-05-05 19:42:22.381 -04:00 [INF] Saving configuration...
2022-05-05 19:42:22.381 -04:00 [INF] Running DLL setup...
2022-05-05 19:42:22.386 -04:00 [INF] Copy Goldberg DLL to target path...
2022-05-05 19:42:22.405 -04:00 [INF] DLL setup finished!
2022-05-05 19:42:22.405 -04:00 [INF] Saving settings...
2022-05-05 19:42:22.407 -04:00 [INF] Downloading images...
2022-05-05 19:42:22.417 -04:00 [INF] Saving achievements...
2022-05-05 19:42:22.424 -04:00 [INF] Finished saving achievements.
2022-05-05 19:42:22.424 -04:00 [INF] Saving DLC settings...
2022-05-05 19:42:22.426 -04:00 [INF] Saved DLC settings.
2022-05-05 19:42:22.426 -04:00 [INF] Delete offline.txt if it exists
2022-05-05 19:42:22.426 -04:00 [INF] Delete disable_networking.txt if it exists
2022-05-05 19:42:22.427 -04:00 [INF] Delete disable_overlay.txt if it exists
2022-05-05 19:42:22.427 -04:00 [DBG] Goldberg applied? True
2022-05-05 19:42:24.169 -04:00 [INF] Getting global settings...
2022-05-05 19:42:24.172 -04:00 [INF] Got global settings.
2022-05-05 19:42:24.179 -04:00 [INF] Reset form...
2022-05-05 19:42:24.184 -04:00 [INF] Reading configuration...
2022-05-05 19:42:24.185 -04:00 [INF] Getting AppID...
2022-05-05 19:42:24.190 -04:00 [INF] Getting achievements...
2022-05-05 19:42:24.195 -04:00 [INF] Getting DLCs...
2022-05-05 19:42:24.204 -04:00 [INF] Trying to get app with ID 1827980
2022-05-05 19:42:24.207 -04:00 [INF] Successfully got app 1827980=Idle Spiral
2022-05-05 19:42:24.220 -04:00 [DBG] Goldberg applied? True
2022-05-05 19:42:24.528 -04:00 [INF] Getting global settings...
2022-05-05 19:42:24.530 -04:00 [INF] Got global settings.
2022-05-05 19:42:24.532 -04:00 [INF] Reset form...
2022-05-05 19:42:24.547 -04:00 [INF] Reading configuration...
2022-05-05 19:42:24.547 -04:00 [INF] Getting AppID...
2022-05-05 19:42:24.548 -04:00 [INF] Getting achievements...
2022-05-05 19:42:24.555 -04:00 [INF] Getting DLCs...
2022-05-05 19:42:24.557 -04:00 [INF] Trying to get app with ID 1827980
2022-05-05 19:42:24.560 -04:00 [INF] Successfully got app 1827980=Idle Spiral
2022-05-05 19:42:24.562 -04:00 [DBG] Goldberg applied? True
2022-05-05 19:42:47.527 -04:00 [INF] Reading configuration...
2022-05-05 19:42:47.528 -04:00 [INF] "steam_appid.txt" missing! Skipping...
2022-05-05 19:42:47.528 -04:00 [INF] "steam_settings/achievements.json" missing! Skipping...
2022-05-05 19:42:47.529 -04:00 [INF] "steam_settings/DLC.txt" missing! Skipping...
2022-05-05 19:42:47.532 -04:00 [ERR] Invalid Steam App!
2022-05-05 19:42:47.541 -04:00 [DBG] Goldberg applied? False
2022-05-05 19:42:47.545 -04:00 [ERR] Invalid Steam App!
2022-05-05 19:42:55.658 -04:00 [INF] Trying to get app trim
2022-05-05 19:42:56.200 -04:00 [INF] Successfully got app 732440=TRIM
2022-05-05 19:42:56.205 -04:00 [INF] Trying to get app with ID 732440
2022-05-05 19:42:56.206 -04:00 [INF] Get DLC for App 732440=TRIM
2022-05-05 19:42:56.207 -04:00 [INF] Successfully got app 732440=TRIM
2022-05-05 19:42:56.626 -04:00 [INF] Got DLC successfully...
2022-05-05 19:42:56.626 -04:00 [INF] Get SteamDB App 732440=TRIM
2022-05-05 19:42:56.757 -04:00 [DBG] RanToCompletion
2022-05-05 19:42:56.758 -04:00 [ERR] Could not get DLC from SteamDB! Skipping...
2022-05-05 19:42:56.760 -04:00 [ERR] System.Net.Http.HttpRequestException: Response status code does not indicate success: 403 (Forbidden).
   at System.Net.Http.HttpResponseMessage.EnsureSuccessStatusCode()
   at GoldbergGUI.Core.Services.SteamService.GetListOfDlc(SteamApp steamApp, Boolean useSteamDb)
2022-05-05 19:42:59.861 -04:00 [INF] Trying to get app TRI
2022-05-05 19:43:21.296 -04:00 [INF] Get DLC for App 732440=TRI
2022-05-05 19:43:21.596 -04:00 [INF] Got DLC successfully...
2022-05-05 19:43:21.597 -04:00 [INF] Get SteamDB App 732440=TRI
2022-05-05 19:43:21.807 -04:00 [DBG] RanToCompletion
2022-05-05 19:43:21.807 -04:00 [ERR] Could not get DLC from SteamDB! Skipping...
2022-05-05 19:43:21.808 -04:00 [ERR] System.Net.Http.HttpRequestException: Response status code does not indicate success: 403 (Forbidden).
   at System.Net.Http.HttpResponseMessage.EnsureSuccessStatusCode()
   at GoldbergGUI.Core.Services.SteamService.GetListOfDlc(SteamApp steamApp, Boolean useSteamDb)
2022-05-05 19:43:27.606 -04:00 [INF] Trying to get app TRImps
2022-05-05 19:43:27.680 -04:00 [INF] Successfully got app 1877960=Trimps
2022-05-05 19:43:27.684 -04:00 [INF] Get DLC for App 1877960=Trimps
2022-05-05 19:43:27.684 -04:00 [INF] Trying to get app with ID 1877960
2022-05-05 19:43:27.686 -04:00 [INF] Successfully got app 1877960=Trimps
2022-05-05 19:43:28.232 -04:00 [INF] Got DLC successfully...
2022-05-05 19:43:28.232 -04:00 [INF] Get SteamDB App 1877960=Trimps
2022-05-05 19:43:28.390 -04:00 [DBG] RanToCompletion
2022-05-05 19:43:28.390 -04:00 [ERR] Could not get DLC from SteamDB! Skipping...
2022-05-05 19:43:28.391 -04:00 [ERR] System.Net.Http.HttpRequestException: Response status code does not indicate success: 403 (Forbidden).
   at System.Net.Http.HttpResponseMessage.EnsureSuccessStatusCode()
   at GoldbergGUI.Core.Services.SteamService.GetListOfDlc(SteamApp steamApp, Boolean useSteamDb)
2022-05-05 19:43:29.746 -04:00 [INF] Trying to get app Trimps
2022-05-05 19:43:29.809 -04:00 [INF] Successfully got app 1877960=Trimps
2022-05-05 19:43:29.810 -04:00 [INF] Trying to get app with ID 1877960
2022-05-05 19:43:29.810 -04:00 [INF] Get DLC for App 1877960=Trimps
2022-05-05 19:43:29.811 -04:00 [INF] Successfully got app 1877960=Trimps
2022-05-05 19:43:30.145 -04:00 [INF] Got DLC successfully...
2022-05-05 19:43:30.146 -04:00 [INF] Get SteamDB App 1877960=Trimps
2022-05-05 19:43:30.282 -04:00 [DBG] RanToCompletion
2022-05-05 19:43:30.283 -04:00 [ERR] Could not get DLC from SteamDB! Skipping...
2022-05-05 19:43:30.285 -04:00 [ERR] System.Net.Http.HttpRequestException: Response status code does not indicate success: 403 (Forbidden).
   at System.Net.Http.HttpResponseMessage.EnsureSuccessStatusCode()
   at GoldbergGUI.Core.Services.SteamService.GetListOfDlc(SteamApp steamApp, Boolean useSteamDb)
2022-05-05 19:43:31.518 -04:00 [INF] Get DLC for App 1877960=Trimps
2022-05-05 19:43:31.944 -04:00 [INF] Got DLC successfully...
2022-05-05 19:43:31.944 -04:00 [INF] Get SteamDB App 1877960=Trimps
2022-05-05 19:43:32.068 -04:00 [DBG] RanToCompletion
2022-05-05 19:43:32.069 -04:00 [ERR] Could not get DLC from SteamDB! Skipping...
2022-05-05 19:43:32.069 -04:00 [ERR] System.Net.Http.HttpRequestException: Response status code does not indicate success: 403 (Forbidden).
   at System.Net.Http.HttpResponseMessage.EnsureSuccessStatusCode()
   at GoldbergGUI.Core.Services.SteamService.GetListOfDlc(SteamApp steamApp, Boolean useSteamDb)
2022-05-05 19:43:33.902 -04:00 [INF] Getting achievements for App 1877960=Trimps
2022-05-05 19:43:37.780 -04:00 [INF] Generate steam_interfaces.txt...
2022-05-05 19:43:37.782 -04:00 [DBG] GenerateInterfacesFile C:\Users\ls356\Downloads\UNALTERED STEAM GAMES\Trimps\lib\steam_api64.dll
2022-05-05 19:43:39.167 -04:00 [INF] Saving global settings...
2022-05-05 19:43:39.167 -04:00 [INF] Setting global settings...
2022-05-05 19:43:39.167 -04:00 [INF] Setting account name...
2022-05-05 19:43:39.168 -04:00 [INF] Setting user Steam ID...
2022-05-05 19:43:39.169 -04:00 [INF] Setting language...
2022-05-05 19:43:39.172 -04:00 [INF] Empty list of custom broadcast IPs! Skipping...
2022-05-05 19:43:39.172 -04:00 [INF] Setting global configuration finished.
2022-05-05 19:43:39.172 -04:00 [INF] Saving Goldberg settings...
2022-05-05 19:43:39.176 -04:00 [INF] Saving configuration...
2022-05-05 19:43:39.176 -04:00 [INF] Running DLL setup...
2022-05-05 19:43:39.177 -04:00 [INF] Back up original Steam API DLL...
2022-05-05 19:43:39.179 -04:00 [INF] Copy Goldberg DLL to target path...
2022-05-05 19:43:39.197 -04:00 [INF] DLL setup finished!
2022-05-05 19:43:39.198 -04:00 [INF] Saving settings...
2022-05-05 19:43:39.205 -04:00 [INF] Downloading images...
2022-05-05 19:44:15.365 -04:00 [INF] Saving achievements...
2022-05-05 19:44:15.381 -04:00 [INF] Finished saving achievements.
2022-05-05 19:44:15.381 -04:00 [INF] No DLC set! Removing DLC configuration files...
2022-05-05 19:44:15.382 -04:00 [INF] Removed DLC configuration files.
2022-05-05 19:44:15.382 -04:00 [INF] Delete offline.txt if it exists
2022-05-05 19:44:15.383 -04:00 [INF] Delete disable_networking.txt if it exists
2022-05-05 19:44:15.383 -04:00 [INF] Delete disable_overlay.txt if it exists
2022-05-05 19:44:15.385 -04:00 [DBG] Goldberg applied? True
2022-05-05 19:44:16.806 -04:00 [INF] Saving global settings...
2022-05-05 19:44:16.806 -04:00 [INF] Setting global settings...
2022-05-05 19:44:16.807 -04:00 [INF] Setting account name...
2022-05-05 19:44:16.808 -04:00 [INF] Setting user Steam ID...
2022-05-05 19:44:16.810 -04:00 [INF] Setting language...
2022-05-05 19:44:16.813 -04:00 [INF] Empty list of custom broadcast IPs! Skipping...
2022-05-05 19:44:16.814 -04:00 [INF] Setting global configuration finished.
2022-05-05 19:44:16.814 -04:00 [INF] Saving Goldberg settings...
2022-05-05 19:44:16.817 -04:00 [INF] Saving configuration...
2022-05-05 19:44:16.818 -04:00 [INF] Running DLL setup...
2022-05-05 19:44:16.820 -04:00 [INF] Copy Goldberg DLL to target path...
2022-05-05 19:44:16.879 -04:00 [INF] DLL setup finished!
2022-05-05 19:44:16.879 -04:00 [INF] Saving settings...
2022-05-05 19:44:16.881 -04:00 [INF] Downloading images...
2022-05-05 19:44:16.910 -04:00 [INF] Saving achievements...
2022-05-05 19:44:16.918 -04:00 [INF] Finished saving achievements.
2022-05-05 19:44:16.918 -04:00 [INF] No DLC set! Removing DLC configuration files...
2022-05-05 19:44:16.918 -04:00 [INF] Removed DLC configuration files.
2022-05-05 19:44:16.918 -04:00 [INF] Delete offline.txt if it exists
2022-05-05 19:44:16.919 -04:00 [INF] Delete disable_networking.txt if it exists
2022-05-05 19:44:16.919 -04:00 [INF] Delete disable_overlay.txt if it exists
2022-05-05 19:44:16.920 -04:00 [DBG] Goldberg applied? True
2022-05-05 19:44:17.983 -04:00 [INF] Saving global settings...
2022-05-05 19:44:17.983 -04:00 [INF] Setting global settings...
2022-05-05 19:44:17.983 -04:00 [INF] Setting account name...
2022-05-05 19:44:17.984 -04:00 [INF] Setting user Steam ID...
2022-05-05 19:44:17.985 -04:00 [INF] Setting language...
2022-05-05 19:44:17.987 -04:00 [INF] Empty list of custom broadcast IPs! Skipping...
2022-05-05 19:44:17.987 -04:00 [INF] Setting global configuration finished.
2022-05-05 19:44:17.987 -04:00 [INF] Saving Goldberg settings...
2022-05-05 19:44:17.991 -04:00 [INF] Saving configuration...
2022-05-05 19:44:17.991 -04:00 [INF] Running DLL setup...
2022-05-05 19:44:17.994 -04:00 [INF] Copy Goldberg DLL to target path...
2022-05-05 19:44:17.999 -04:00 [INF] DLL setup finished!
2022-05-05 19:44:18.000 -04:00 [INF] Saving settings...
2022-05-05 19:44:18.001 -04:00 [INF] Downloading images...
2022-05-05 19:44:18.038 -04:00 [INF] Saving achievements...
2022-05-05 19:44:18.050 -04:00 [INF] Finished saving achievements.
2022-05-05 19:44:18.050 -04:00 [INF] No DLC set! Removing DLC configuration files...
2022-05-05 19:44:18.050 -04:00 [INF] Removed DLC configuration files.
2022-05-05 19:44:18.051 -04:00 [INF] Delete offline.txt if it exists
2022-05-05 19:44:18.051 -04:00 [INF] Delete disable_networking.txt if it exists
2022-05-05 19:44:18.051 -04:00 [INF] Delete disable_overlay.txt if it exists
2022-05-05 19:44:18.052 -04:00 [DBG] Goldberg applied? True
2022-05-05 19:44:18.712 -04:00 [INF] Saving global settings...
2022-05-05 19:44:18.712 -04:00 [INF] Setting global settings...
2022-05-05 19:44:18.712 -04:00 [INF] Setting account name...
2022-05-05 19:44:18.714 -04:00 [INF] Setting user Steam ID...
2022-05-05 19:44:18.716 -04:00 [INF] Setting language...
2022-05-05 19:44:18.717 -04:00 [INF] Empty list of custom broadcast IPs! Skipping...
2022-05-05 19:44:18.718 -04:00 [INF] Setting global configuration finished.
2022-05-05 19:44:18.718 -04:00 [INF] Saving Goldberg settings...
2022-05-05 19:44:18.723 -04:00 [INF] Saving configuration...
2022-05-05 19:44:18.723 -04:00 [INF] Running DLL setup...
2022-05-05 19:44:18.726 -04:00 [INF] Copy Goldberg DLL to target path...
2022-05-05 19:44:18.732 -04:00 [INF] DLL setup finished!
2022-05-05 19:44:18.732 -04:00 [INF] Saving settings...
2022-05-05 19:44:18.740 -04:00 [INF] Downloading images...
2022-05-05 19:44:18.789 -04:00 [INF] Saving achievements...
2022-05-05 19:44:18.798 -04:00 [INF] Finished saving achievements.
2022-05-05 19:44:18.798 -04:00 [INF] No DLC set! Removing DLC configuration files...
2022-05-05 19:44:18.798 -04:00 [INF] Removed DLC configuration files.
2022-05-05 19:44:18.798 -04:00 [INF] Delete offline.txt if it exists
2022-05-05 19:44:18.799 -04:00 [INF] Delete disable_networking.txt if it exists
2022-05-05 19:44:18.799 -04:00 [INF] Delete disable_overlay.txt if it exists
2022-05-05 19:44:18.799 -04:00 [DBG] Goldberg applied? True
2022-05-05 19:44:18.985 -04:00 [INF] Saving global settings...
2022-05-05 19:44:18.985 -04:00 [INF] Setting global settings...
2022-05-05 19:44:18.985 -04:00 [INF] Setting account name...
2022-05-05 19:44:18.987 -04:00 [INF] Setting user Steam ID...
2022-05-05 19:44:18.989 -04:00 [INF] Setting language...
2022-05-05 19:44:18.991 -04:00 [INF] Empty list of custom broadcast IPs! Skipping...
2022-05-05 19:44:18.992 -04:00 [INF] Setting global configuration finished.
2022-05-05 19:44:18.992 -04:00 [INF] Saving Goldberg settings...
2022-05-05 19:44:18.996 -04:00 [INF] Saving configuration...
2022-05-05 19:44:18.996 -04:00 [INF] Running DLL setup...
2022-05-05 19:44:18.999 -04:00 [INF] Copy Goldberg DLL to target path...
2022-05-05 19:44:19.005 -04:00 [INF] DLL setup finished!
2022-05-05 19:44:19.005 -04:00 [INF] Saving settings...
2022-05-05 19:44:19.007 -04:00 [INF] Downloading images...
2022-05-05 19:44:19.054 -04:00 [INF] Saving achievements...
2022-05-05 19:44:19.063 -04:00 [INF] Finished saving achievements.
2022-05-05 19:44:19.063 -04:00 [INF] No DLC set! Removing DLC configuration files...
2022-05-05 19:44:19.063 -04:00 [INF] Removed DLC configuration files.
2022-05-05 19:44:19.063 -04:00 [INF] Delete offline.txt if it exists
2022-05-05 19:44:19.064 -04:00 [INF] Delete disable_networking.txt if it exists
2022-05-05 19:44:19.064 -04:00 [INF] Delete disable_overlay.txt if it exists
2022-05-05 19:44:19.065 -04:00 [DBG] Goldberg applied? True
2022-05-05 19:44:19.181 -04:00 [INF] Saving global settings...
2022-05-05 19:44:19.181 -04:00 [INF] Setting global settings...
2022-05-05 19:44:19.181 -04:00 [INF] Setting account name...
2022-05-05 19:44:19.183 -04:00 [INF] Setting user Steam ID...
2022-05-05 19:44:19.184 -04:00 [INF] Setting language...
2022-05-05 19:44:19.186 -04:00 [INF] Empty list of custom broadcast IPs! Skipping...
2022-05-05 19:44:19.186 -04:00 [INF] Setting global configuration finished.
2022-05-05 19:44:19.186 -04:00 [INF] Saving Goldberg settings...
2022-05-05 19:44:19.190 -04:00 [INF] Saving configuration...
2022-05-05 19:44:19.191 -04:00 [INF] Running DLL setup...
2022-05-05 19:44:19.194 -04:00 [INF] Copy Goldberg DLL to target path...
2022-05-05 19:44:19.200 -04:00 [INF] DLL setup finished!
2022-05-05 19:44:19.200 -04:00 [INF] Saving settings...
2022-05-05 19:44:19.202 -04:00 [INF] Downloading images...
2022-05-05 19:44:19.248 -04:00 [INF] Saving achievements...
2022-05-05 19:44:19.255 -04:00 [INF] Finished saving achievements.
2022-05-05 19:44:19.255 -04:00 [INF] No DLC set! Removing DLC configuration files...
2022-05-05 19:44:19.255 -04:00 [INF] Removed DLC configuration files.
2022-05-05 19:44:19.255 -04:00 [INF] Delete offline.txt if it exists
2022-05-05 19:44:19.256 -04:00 [INF] Delete disable_networking.txt if it exists
2022-05-05 19:44:19.256 -04:00 [INF] Delete disable_overlay.txt if it exists
2022-05-05 19:44:19.257 -04:00 [DBG] Goldberg applied? True
2022-05-05 19:44:19.341 -04:00 [INF] Saving global settings...
2022-05-05 19:44:19.341 -04:00 [INF] Setting global settings...
2022-05-05 19:44:19.341 -04:00 [INF] Setting account name...
2022-05-05 19:44:19.343 -04:00 [INF] Setting user Steam ID...
2022-05-05 19:44:19.347 -04:00 [INF] Setting language...
2022-05-05 19:44:19.350 -04:00 [INF] Empty list of custom broadcast IPs! Skipping...
2022-05-05 19:44:19.350 -04:00 [INF] Setting global configuration finished.
2022-05-05 19:44:19.350 -04:00 [INF] Saving Goldberg settings...
2022-05-05 19:44:19.353 -04:00 [INF] Saving configuration...
2022-05-05 19:44:19.353 -04:00 [INF] Running DLL setup...
2022-05-05 19:44:19.357 -04:00 [INF] Copy Goldberg DLL to target path...
2022-05-05 19:44:19.362 -04:00 [INF] DLL setup finished!
2022-05-05 19:44:19.362 -04:00 [INF] Saving settings...
2022-05-05 19:44:19.364 -04:00 [INF] Downloading images...
2022-05-05 19:44:19.411 -04:00 [INF] Saving achievements...
2022-05-05 19:44:19.459 -04:00 [INF] Finished saving achievements.
2022-05-05 19:44:19.459 -04:00 [INF] No DLC set! Removing DLC configuration files...
2022-05-05 19:44:19.460 -04:00 [INF] Removed DLC configuration files.
2022-05-05 19:44:19.460 -04:00 [INF] Delete offline.txt if it exists
2022-05-05 19:44:19.460 -04:00 [INF] Delete disable_networking.txt if it exists
2022-05-05 19:44:19.461 -04:00 [INF] Delete disable_overlay.txt if it exists
2022-05-05 19:44:19.461 -04:00 [DBG] Goldberg applied? True
2022-05-05 19:44:19.517 -04:00 [INF] Saving global settings...
2022-05-05 19:44:19.517 -04:00 [INF] Setting global settings...
2022-05-05 19:44:19.517 -04:00 [INF] Setting account name...
2022-05-05 19:44:19.519 -04:00 [INF] Setting user Steam ID...
2022-05-05 19:44:19.526 -04:00 [INF] Setting language...
2022-05-05 19:44:19.528 -04:00 [INF] Empty list of custom broadcast IPs! Skipping...
2022-05-05 19:44:19.529 -04:00 [INF] Setting global configuration finished.
2022-05-05 19:44:19.529 -04:00 [INF] Saving Goldberg settings...
2022-05-05 19:44:19.533 -04:00 [INF] Saving configuration...
2022-05-05 19:44:19.533 -04:00 [INF] Running DLL setup...
2022-05-05 19:44:19.536 -04:00 [INF] Copy Goldberg DLL to target path...
2022-05-05 19:44:19.542 -04:00 [INF] DLL setup finished!
2022-05-05 19:44:19.542 -04:00 [INF] Saving settings...
2022-05-05 19:44:19.562 -04:00 [INF] Downloading images...
2022-05-05 19:44:19.620 -04:00 [INF] Saving achievements...
2022-05-05 19:44:19.628 -04:00 [INF] Finished saving achievements.
2022-05-05 19:44:19.628 -04:00 [INF] No DLC set! Removing DLC configuration files...
2022-05-05 19:44:19.628 -04:00 [INF] Removed DLC configuration files.
2022-05-05 19:44:19.628 -04:00 [INF] Delete offline.txt if it exists
2022-05-05 19:44:19.629 -04:00 [INF] Delete disable_networking.txt if it exists
2022-05-05 19:44:19.629 -04:00 [INF] Delete disable_overlay.txt if it exists
2022-05-05 19:44:19.630 -04:00 [DBG] Goldberg applied? True
2022-05-05 19:44:19.847 -04:00 [INF] Saving global settings...
2022-05-05 19:44:19.847 -04:00 [INF] Setting global settings...
2022-05-05 19:44:19.847 -04:00 [INF] Setting account name...
2022-05-05 19:44:19.849 -04:00 [INF] Setting user Steam ID...
2022-05-05 19:44:19.851 -04:00 [INF] Setting language...
2022-05-05 19:44:19.852 -04:00 [INF] Empty list of custom broadcast IPs! Skipping...
2022-05-05 19:44:19.852 -04:00 [INF] Setting global configuration finished.
2022-05-05 19:44:19.853 -04:00 [INF] Saving Goldberg settings...
2022-05-05 19:44:19.857 -04:00 [INF] Saving configuration...
2022-05-05 19:44:19.858 -04:00 [INF] Running DLL setup...
2022-05-05 19:44:19.861 -04:00 [INF] Copy Goldberg DLL to target path...
2022-05-05 19:44:19.867 -04:00 [INF] DLL setup finished!
2022-05-05 19:44:19.868 -04:00 [INF] Saving settings...
2022-05-05 19:44:19.875 -04:00 [INF] Downloading images...
2022-05-05 19:44:19.928 -04:00 [INF] Saving achievements...
2022-05-05 19:44:19.935 -04:00 [INF] Finished saving achievements.
2022-05-05 19:44:19.935 -04:00 [INF] No DLC set! Removing DLC configuration files...
2022-05-05 19:44:19.936 -04:00 [INF] Removed DLC configuration files.
2022-05-05 19:44:19.937 -04:00 [INF] Delete offline.txt if it exists
2022-05-05 19:44:19.937 -04:00 [INF] Delete disable_networking.txt if it exists
2022-05-05 19:44:19.937 -04:00 [INF] Delete disable_overlay.txt if it exists
2022-05-05 19:44:19.938 -04:00 [DBG] Goldberg applied? True
2022-05-05 19:44:20.113 -04:00 [INF] Saving global settings...
2022-05-05 19:44:20.113 -04:00 [INF] Setting global settings...
2022-05-05 19:44:20.113 -04:00 [INF] Setting account name...
2022-05-05 19:44:20.115 -04:00 [INF] Setting user Steam ID...
2022-05-05 19:44:20.116 -04:00 [INF] Setting language...
2022-05-05 19:44:20.118 -04:00 [INF] Empty list of custom broadcast IPs! Skipping...
2022-05-05 19:44:20.118 -04:00 [INF] Setting global configuration finished.
2022-05-05 19:44:20.118 -04:00 [INF] Saving Goldberg settings...
2022-05-05 19:44:20.123 -04:00 [INF] Saving configuration...
2022-05-05 19:44:20.123 -04:00 [INF] Running DLL setup...
2022-05-05 19:44:20.126 -04:00 [INF] Copy Goldberg DLL to target path...
2022-05-05 19:44:20.131 -04:00 [INF] DLL setup finished!
2022-05-05 19:44:20.131 -04:00 [INF] Saving settings...
2022-05-05 19:44:20.133 -04:00 [INF] Downloading images...
2022-05-05 19:44:20.161 -04:00 [INF] Saving achievements...
2022-05-05 19:44:20.168 -04:00 [INF] Finished saving achievements.
2022-05-05 19:44:20.168 -04:00 [INF] No DLC set! Removing DLC configuration files...
2022-05-05 19:44:20.168 -04:00 [INF] Removed DLC configuration files.
2022-05-05 19:44:20.168 -04:00 [INF] Delete offline.txt if it exists
2022-05-05 19:44:20.169 -04:00 [INF] Delete disable_networking.txt if it exists
2022-05-05 19:44:20.169 -04:00 [INF] Delete disable_overlay.txt if it exists
2022-05-05 19:44:20.170 -04:00 [DBG] Goldberg applied? True
