2022-05-04 09:25:38.583 -04:00 [ERR] Invalid Steam App!
2022-05-04 09:25:40.528 -04:00 [INF] Updating cache (game)...
2022-05-04 09:25:42.022 -04:00 [WRN] No DLL selected! Skipping...
2022-05-04 09:25:42.035 -04:00 [WRN] No DLL selected! Skipping...
2022-05-04 09:25:42.037 -04:00 [WRN] No DLL selected! Skipping...
2022-05-04 09:25:42.037 -04:00 [WRN] No DLL selected! Skipping...
2022-05-04 09:26:07.871 -04:00 [INF] Updating cache (dlc)...
2022-05-04 09:26:22.861 -04:00 [INF] Initializing download...
2022-05-04 09:26:23.308 -04:00 [INF] Check if update is needed...
2022-05-04 09:26:23.334 -04:00 [ERR] An error occured, local Goldberg setup might be broken!
2022-05-04 09:26:23.335 -04:00 [INF] Starting download...
2022-05-04 09:26:23.340 -04:00 [DBG] https://gitlab.com/Mr_Goldberg/goldberg_emulator/-/jobs/2399785210/artifacts/download
2022-05-04 09:26:31.241 -04:00 [INF] Download finished!
2022-05-04 09:26:31.254 -04:00 [DBG] Start extraction...
2022-05-04 09:26:34.023 -04:00 [INF] Extraction was successful!
2022-05-04 09:26:34.027 -04:00 [INF] Getting global settings...
2022-05-04 09:26:34.070 -04:00 [INF] Got global settings.
2022-05-04 11:55:09.932 -04:00 [ERR] Invalid Steam App!
2022-05-04 11:55:11.491 -04:00 [INF] Initializing download...
2022-05-04 11:55:12.105 -04:00 [WRN] No DLL selected! Skipping...
2022-05-04 11:55:12.115 -04:00 [WRN] No DLL selected! Skipping...
2022-05-04 11:55:12.116 -04:00 [WRN] No DLL selected! Skipping...
2022-05-04 11:55:12.117 -04:00 [WRN] No DLL selected! Skipping...
2022-05-04 11:55:13.152 -04:00 [INF] Check if update is needed...
2022-05-04 11:55:13.172 -04:00 [ERR] An error occured, local Goldberg setup might be broken!
2022-05-04 11:55:13.172 -04:00 [INF] Starting download...
2022-05-04 11:55:13.175 -04:00 [DBG] https://gitlab.com/Mr_Goldberg/goldberg_emulator/-/jobs/2399785210/artifacts/download
2022-05-04 11:55:31.166 -04:00 [INF] Download finished!
2022-05-04 11:55:31.177 -04:00 [DBG] Start extraction...
2022-05-04 11:55:34.198 -04:00 [INF] Extraction was successful!
2022-05-04 11:55:34.206 -04:00 [INF] Getting global settings...
2022-05-04 11:55:34.283 -04:00 [INF] Got global settings.
2022-05-04 12:34:19.380 -04:00 [INF] Reading configuration...
2022-05-04 12:34:19.391 -04:00 [INF] "steam_appid.txt" missing! Skipping...
2022-05-04 12:34:19.396 -04:00 [INF] "steam_settings/achievements.json" missing! Skipping...
2022-05-04 12:34:19.396 -04:00 [INF] "steam_settings/DLC.txt" missing! Skipping...
2022-05-04 12:34:19.399 -04:00 [ERR] Invalid Steam App!
2022-05-04 12:34:19.412 -04:00 [DBG] Goldberg applied? False
2022-05-04 12:34:19.418 -04:00 [ERR] Invalid Steam App!
2022-05-04 12:34:26.624 -04:00 [INF] Trying to get app fallout
2022-05-04 12:34:35.056 -04:00 [INF] Successfully got app 588430=Fallout Shelter
2022-05-04 12:34:35.127 -04:00 [INF] Trying to get app with ID 588430
2022-05-04 12:34:35.130 -04:00 [INF] Successfully got app 588430=Fallout Shelter
2022-05-04 12:34:35.187 -04:00 [INF] Get DLC for App 588430=Fallout Shelter
2022-05-04 12:34:36.556 -04:00 [INF] Got DLC successfully...
2022-05-04 12:34:36.557 -04:00 [INF] Get SteamDB App 588430=Fallout Shelter
2022-05-04 12:34:36.791 -04:00 [DBG] RanToCompletion
2022-05-04 12:34:36.799 -04:00 [ERR] Could not get DLC from SteamDB! Skipping...
2022-05-04 12:34:37.254 -04:00 [ERR] System.Net.Http.HttpRequestException: Response status code does not indicate success: 403 (Forbidden).
   at System.Net.Http.HttpResponseMessage.EnsureSuccessStatusCode()
   at GoldbergGUI.Core.Services.SteamService.GetListOfDlc(SteamApp steamApp, Boolean useSteamDb)
2022-05-04 12:34:39.047 -04:00 [INF] Get DLC for App 588430=Fallout Shelter
2022-05-04 12:34:39.314 -04:00 [INF] Got DLC successfully...
2022-05-04 12:34:39.315 -04:00 [INF] Get SteamDB App 588430=Fallout Shelter
2022-05-04 12:34:39.451 -04:00 [DBG] RanToCompletion
2022-05-04 12:34:39.452 -04:00 [ERR] Could not get DLC from SteamDB! Skipping...
2022-05-04 12:34:39.453 -04:00 [ERR] System.Net.Http.HttpRequestException: Response status code does not indicate success: 403 (Forbidden).
   at System.Net.Http.HttpResponseMessage.EnsureSuccessStatusCode()
   at GoldbergGUI.Core.Services.SteamService.GetListOfDlc(SteamApp steamApp, Boolean useSteamDb)
2022-05-04 12:34:44.169 -04:00 [INF] Getting achievements for App 588430=Fallout Shelter
2022-05-04 12:34:57.714 -04:00 [INF] Generate steam_interfaces.txt...
2022-05-04 12:34:57.722 -04:00 [DBG] GenerateInterfacesFile C:\Users\ls356\Downloads\Fallout Shelter\steam_api64.dll
2022-05-04 12:35:15.779 -04:00 [INF] Saving global settings...
2022-05-04 12:35:15.784 -04:00 [INF] Setting global settings...
2022-05-04 12:35:15.784 -04:00 [INF] Setting account name...
2022-05-04 12:35:15.789 -04:00 [INF] Setting user Steam ID...
2022-05-04 12:35:15.791 -04:00 [INF] Setting language...
2022-05-04 12:35:15.793 -04:00 [INF] Empty list of custom broadcast IPs! Skipping...
2022-05-04 12:35:15.799 -04:00 [INF] Setting global configuration finished.
2022-05-04 12:35:15.800 -04:00 [INF] Saving Goldberg settings...
2022-05-04 12:35:15.873 -04:00 [INF] Saving configuration...
2022-05-04 12:35:15.873 -04:00 [INF] Running DLL setup...
2022-05-04 12:35:15.874 -04:00 [INF] Back up original Steam API DLL...
2022-05-04 12:35:15.876 -04:00 [INF] Copy Goldberg DLL to target path...
2022-05-04 12:35:15.902 -04:00 [INF] DLL setup finished!
2022-05-04 12:35:15.902 -04:00 [INF] Saving settings...
2022-05-04 12:35:15.906 -04:00 [INF] Downloading images...
2022-05-04 12:35:31.334 -04:00 [INF] Saving achievements...
2022-05-04 12:35:31.358 -04:00 [INF] Finished saving achievements.
2022-05-04 12:35:31.359 -04:00 [INF] No DLC set! Removing DLC configuration files...
2022-05-04 12:35:31.359 -04:00 [INF] Removed DLC configuration files.
2022-05-04 12:35:31.359 -04:00 [INF] Delete offline.txt if it exists
2022-05-04 12:35:31.360 -04:00 [INF] Delete disable_networking.txt if it exists
2022-05-04 12:35:31.360 -04:00 [INF] Delete disable_overlay.txt if it exists
2022-05-04 12:35:31.361 -04:00 [DBG] Goldberg applied? True
2022-05-04 12:35:35.824 -04:00 [INF] Getting global settings...
2022-05-04 12:35:35.829 -04:00 [INF] Got global settings.
2022-05-04 12:35:35.834 -04:00 [INF] Reset form...
2022-05-04 12:35:35.847 -04:00 [INF] Reading configuration...
2022-05-04 12:35:35.847 -04:00 [INF] Getting AppID...
2022-05-04 12:35:35.854 -04:00 [INF] Getting achievements...
2022-05-04 12:35:35.858 -04:00 [INF] "steam_settings/DLC.txt" missing! Skipping...
2022-05-04 12:35:35.861 -04:00 [INF] Trying to get app with ID 588430
2022-05-04 12:35:35.864 -04:00 [INF] Successfully got app 588430=Fallout Shelter
2022-05-04 12:35:35.899 -04:00 [DBG] Goldberg applied? True
2022-05-04 12:39:02.779 -04:00 [ERR] Invalid Steam App!
2022-05-04 12:39:04.346 -04:00 [INF] Initializing download...
2022-05-04 12:39:05.117 -04:00 [WRN] No DLL selected! Skipping...
2022-05-04 12:39:05.125 -04:00 [WRN] No DLL selected! Skipping...
2022-05-04 12:39:05.126 -04:00 [WRN] No DLL selected! Skipping...
2022-05-04 12:39:05.126 -04:00 [WRN] No DLL selected! Skipping...
2022-05-04 12:39:06.182 -04:00 [INF] Check if update is needed...
2022-05-04 12:39:06.184 -04:00 [ERR] An error occured, local Goldberg setup might be broken!
2022-05-04 12:39:06.184 -04:00 [INF] Starting download...
2022-05-04 12:39:06.187 -04:00 [DBG] https://gitlab.com/Mr_Goldberg/goldberg_emulator/-/jobs/2399785210/artifacts/download
2022-05-04 12:39:15.606 -04:00 [INF] Download finished!
2022-05-04 12:39:15.614 -04:00 [DBG] Start extraction...
2022-05-04 12:39:17.409 -04:00 [INF] Extraction was successful!
2022-05-04 12:39:17.412 -04:00 [INF] Getting global settings...
2022-05-04 12:39:17.435 -04:00 [INF] Got global settings.
2022-05-04 12:39:29.518 -04:00 [INF] Reading configuration...
2022-05-04 12:39:29.518 -04:00 [INF] Getting AppID...
2022-05-04 12:39:29.525 -04:00 [INF] Getting achievements...
2022-05-04 12:39:29.756 -04:00 [INF] "steam_settings/DLC.txt" missing! Skipping...
2022-05-04 12:39:29.762 -04:00 [INF] Trying to get app with ID 588430
2022-05-04 12:39:29.772 -04:00 [DBG] Goldberg applied? True
2022-05-04 12:39:29.820 -04:00 [INF] Successfully got app 588430=Fallout Shelter
2022-05-04 12:40:26.100 -04:00 [INF] Getting global settings...
2022-05-04 12:40:26.104 -04:00 [INF] Got global settings.
2022-05-04 12:40:26.115 -04:00 [INF] Reset form...
2022-05-04 12:40:26.136 -04:00 [INF] Reading configuration...
2022-05-04 12:40:26.136 -04:00 [INF] Getting AppID...
2022-05-04 12:40:26.137 -04:00 [INF] Getting achievements...
2022-05-04 12:40:26.187 -04:00 [INF] "steam_settings/DLC.txt" missing! Skipping...
2022-05-04 12:40:26.254 -04:00 [INF] Trying to get app with ID 588430
2022-05-04 12:40:26.257 -04:00 [INF] Successfully got app 588430=Fallout Shelter
2022-05-04 12:40:26.303 -04:00 [DBG] Goldberg applied? True
2022-05-04 12:42:59.337 -04:00 [ERR] Invalid Steam App!
2022-05-04 12:42:59.864 -04:00 [INF] Initializing download...
2022-05-04 12:43:00.117 -04:00 [WRN] No DLL selected! Skipping...
2022-05-04 12:43:00.123 -04:00 [WRN] No DLL selected! Skipping...
2022-05-04 12:43:00.124 -04:00 [WRN] No DLL selected! Skipping...
2022-05-04 12:43:00.124 -04:00 [WRN] No DLL selected! Skipping...
2022-05-04 12:43:00.639 -04:00 [INF] Check if update is needed...
2022-05-04 12:43:00.641 -04:00 [ERR] An error occured, local Goldberg setup might be broken!
2022-05-04 12:43:00.641 -04:00 [INF] Starting download...
2022-05-04 12:43:00.646 -04:00 [DBG] https://gitlab.com/Mr_Goldberg/goldberg_emulator/-/jobs/2399785210/artifacts/download
2022-05-04 12:43:06.382 -04:00 [INF] Download finished!
2022-05-04 12:43:06.392 -04:00 [DBG] Start extraction...
2022-05-04 12:43:08.570 -04:00 [INF] Extraction was successful!
2022-05-04 12:43:08.574 -04:00 [INF] Getting global settings...
2022-05-04 12:43:08.579 -04:00 [INF] Got global settings.
2022-05-04 12:43:28.550 -04:00 [INF] Reading configuration...
2022-05-04 12:43:28.551 -04:00 [INF] Getting AppID...
2022-05-04 12:43:28.572 -04:00 [INF] Getting achievements...
2022-05-04 12:43:28.700 -04:00 [INF] "steam_settings/DLC.txt" missing! Skipping...
2022-05-04 12:43:28.706 -04:00 [INF] Trying to get app with ID 588430
2022-05-04 12:43:28.713 -04:00 [DBG] Goldberg applied? True
2022-05-04 12:43:28.761 -04:00 [INF] Successfully got app 588430=Fallout Shelter
2022-05-04 12:44:49.433 -04:00 [ERR] Invalid Steam App!
2022-05-04 12:44:49.898 -04:00 [INF] Initializing download...
2022-05-04 12:44:50.226 -04:00 [WRN] No DLL selected! Skipping...
2022-05-04 12:44:50.231 -04:00 [WRN] No DLL selected! Skipping...
2022-05-04 12:44:50.232 -04:00 [WRN] No DLL selected! Skipping...
2022-05-04 12:44:50.232 -04:00 [WRN] No DLL selected! Skipping...
2022-05-04 12:44:50.543 -04:00 [INF] Check if update is needed...
2022-05-04 12:44:50.547 -04:00 [ERR] An error occured, local Goldberg setup might be broken!
2022-05-04 12:44:50.547 -04:00 [INF] Starting download...
2022-05-04 12:44:50.552 -04:00 [DBG] https://gitlab.com/Mr_Goldberg/goldberg_emulator/-/jobs/2399785210/artifacts/download
2022-05-04 12:45:06.104 -04:00 [INF] Download finished!
2022-05-04 12:45:06.124 -04:00 [DBG] Start extraction...
2022-05-04 12:45:08.292 -04:00 [INF] Extraction was successful!
2022-05-04 12:45:08.299 -04:00 [INF] Getting global settings...
2022-05-04 12:45:08.307 -04:00 [INF] Got global settings.
2022-05-04 12:45:14.997 -04:00 [INF] Reading configuration...
2022-05-04 12:45:14.998 -04:00 [INF] "steam_appid.txt" missing! Skipping...
2022-05-04 12:45:15.000 -04:00 [INF] "steam_settings/achievements.json" missing! Skipping...
2022-05-04 12:45:15.001 -04:00 [INF] "steam_settings/DLC.txt" missing! Skipping...
2022-05-04 12:45:15.002 -04:00 [ERR] Invalid Steam App!
2022-05-04 12:45:15.008 -04:00 [DBG] Goldberg applied? False
2022-05-04 12:45:15.012 -04:00 [ERR] Invalid Steam App!
2022-05-04 13:06:18.432 -04:00 [ERR] Invalid Steam App!
2022-05-04 13:06:19.015 -04:00 [INF] Initializing download...
2022-05-04 13:06:19.610 -04:00 [WRN] No DLL selected! Skipping...
2022-05-04 13:06:19.615 -04:00 [WRN] No DLL selected! Skipping...
2022-05-04 13:06:19.616 -04:00 [WRN] No DLL selected! Skipping...
2022-05-04 13:06:19.617 -04:00 [WRN] No DLL selected! Skipping...
2022-05-04 13:06:19.911 -04:00 [INF] Check if update is needed...
2022-05-04 13:06:19.932 -04:00 [ERR] An error occured, local Goldberg setup might be broken!
2022-05-04 13:06:19.933 -04:00 [INF] Starting download...
2022-05-04 13:06:19.938 -04:00 [DBG] https://gitlab.com/Mr_Goldberg/goldberg_emulator/-/jobs/2399785210/artifacts/download
2022-05-04 13:06:25.659 -04:00 [INF] Download finished!
2022-05-04 13:06:25.667 -04:00 [DBG] Start extraction...
2022-05-04 13:06:28.271 -04:00 [INF] Extraction was successful!
2022-05-04 13:06:28.274 -04:00 [INF] Getting global settings...
2022-05-04 13:06:28.287 -04:00 [INF] Got global settings.
2022-05-04 13:06:40.399 -04:00 [INF] Reading configuration...
2022-05-04 13:06:40.400 -04:00 [INF] "steam_appid.txt" missing! Skipping...
2022-05-04 13:06:40.402 -04:00 [INF] "steam_settings/achievements.json" missing! Skipping...
2022-05-04 13:06:40.402 -04:00 [INF] "steam_settings/DLC.txt" missing! Skipping...
2022-05-04 13:06:40.409 -04:00 [DBG] Goldberg applied? False
2022-05-04 13:06:40.413 -04:00 [ERR] Invalid Steam App!
2022-05-04 13:06:40.432 -04:00 [ERR] Invalid Steam App!
2022-05-04 13:06:51.785 -04:00 [INF] Trying to get app fallout shelter
2022-05-04 13:06:51.859 -04:00 [INF] Successfully got app 588430=Fallout Shelter
2022-05-04 13:06:51.866 -04:00 [INF] Trying to get app with ID 588430
2022-05-04 13:06:51.880 -04:00 [INF] Successfully got app 588430=Fallout Shelter
2022-05-04 13:06:51.992 -04:00 [INF] Get DLC for App 588430=Fallout Shelter
2022-05-04 13:06:52.905 -04:00 [INF] Got DLC successfully...
2022-05-04 13:06:52.906 -04:00 [INF] Get SteamDB App 588430=Fallout Shelter
2022-05-04 13:06:53.137 -04:00 [DBG] RanToCompletion
2022-05-04 13:06:53.143 -04:00 [ERR] Could not get DLC from SteamDB! Skipping...
2022-05-04 13:06:53.279 -04:00 [ERR] System.Net.Http.HttpRequestException: Response status code does not indicate success: 403 (Forbidden).
   at System.Net.Http.HttpResponseMessage.EnsureSuccessStatusCode()
   at GoldbergGUI.Core.Services.SteamService.GetListOfDlc(SteamApp steamApp, Boolean useSteamDb)
2022-05-04 13:06:56.961 -04:00 [INF] Getting achievements for App 588430=Fallout Shelter
2022-05-04 13:07:01.717 -04:00 [INF] Generate steam_interfaces.txt...
2022-05-04 13:07:01.726 -04:00 [DBG] GenerateInterfacesFile C:\Users\ls356\Downloads\Fallout Shelter - Copy\steam_api64.dll
2022-05-04 13:07:26.157 -04:00 [INF] Getting global settings...
2022-05-04 13:07:26.160 -04:00 [INF] Got global settings.
2022-05-04 13:07:26.164 -04:00 [INF] Reset form...
2022-05-04 13:07:26.172 -04:00 [INF] Reading configuration...
2022-05-04 13:07:26.172 -04:00 [INF] "steam_appid.txt" missing! Skipping...
2022-05-04 13:07:26.173 -04:00 [INF] "steam_settings/achievements.json" missing! Skipping...
2022-05-04 13:07:26.173 -04:00 [INF] "steam_settings/DLC.txt" missing! Skipping...
2022-05-04 13:07:26.210 -04:00 [ERR] Invalid Steam App!
2022-05-04 13:07:26.237 -04:00 [DBG] Goldberg applied? False
2022-05-04 13:07:44.648 -04:00 [INF] Getting global settings...
2022-05-04 13:07:44.650 -04:00 [INF] Got global settings.
2022-05-04 13:07:44.653 -04:00 [INF] Reset form...
2022-05-04 13:07:44.657 -04:00 [INF] Reading configuration...
2022-05-04 13:07:44.657 -04:00 [INF] "steam_appid.txt" missing! Skipping...
2022-05-04 13:07:44.657 -04:00 [INF] "steam_settings/achievements.json" missing! Skipping...
2022-05-04 13:07:44.658 -04:00 [INF] "steam_settings/DLC.txt" missing! Skipping...
2022-05-04 13:07:44.674 -04:00 [ERR] Invalid Steam App!
2022-05-04 13:07:44.678 -04:00 [DBG] Goldberg applied? False
2022-05-04 13:07:53.714 -04:00 [INF] Saving global settings...
2022-05-04 13:07:53.717 -04:00 [INF] Setting global settings...
2022-05-04 13:07:53.717 -04:00 [INF] Setting account name...
2022-05-04 13:07:53.720 -04:00 [INF] Setting user Steam ID...
2022-05-04 13:07:53.721 -04:00 [INF] Setting language...
2022-05-04 13:07:53.723 -04:00 [INF] Empty list of custom broadcast IPs! Skipping...
2022-05-04 13:07:53.731 -04:00 [INF] Setting global configuration finished.
2022-05-04 13:07:53.732 -04:00 [INF] Saving Goldberg settings...
2022-05-04 13:07:53.763 -04:00 [INF] Saving configuration...
2022-05-04 13:07:53.763 -04:00 [INF] Running DLL setup...
2022-05-04 13:07:53.764 -04:00 [INF] Back up original Steam API DLL...
2022-05-04 13:07:53.767 -04:00 [INF] Copy Goldberg DLL to target path...
2022-05-04 13:07:53.776 -04:00 [INF] DLL setup finished!
2022-05-04 13:07:53.776 -04:00 [INF] Saving settings...
2022-05-04 13:07:53.810 -04:00 [INF] No achievements set! Removing achievement files...
2022-05-04 13:07:53.811 -04:00 [INF] Removed achievement files.
2022-05-04 13:07:53.811 -04:00 [INF] No DLC set! Removing DLC configuration files...
2022-05-04 13:07:53.812 -04:00 [INF] Removed DLC configuration files.
2022-05-04 13:07:53.812 -04:00 [INF] Delete offline.txt if it exists
2022-05-04 13:07:53.812 -04:00 [INF] Delete disable_networking.txt if it exists
2022-05-04 13:07:53.812 -04:00 [INF] Delete disable_overlay.txt if it exists
2022-05-04 13:07:53.813 -04:00 [DBG] Goldberg applied? True
2022-05-04 13:08:03.015 -04:00 [INF] Trying to get app Fallout Shelter
2022-05-04 13:08:03.029 -04:00 [INF] Successfully got app 588430=Fallout Shelter
2022-05-04 13:08:03.037 -04:00 [INF] Trying to get app with ID 588430
2022-05-04 13:08:03.040 -04:00 [INF] Get DLC for App 588430=Fallout Shelter
2022-05-04 13:08:03.045 -04:00 [INF] Successfully got app 588430=Fallout Shelter
2022-05-04 13:08:03.292 -04:00 [INF] Got DLC successfully...
2022-05-04 13:08:03.292 -04:00 [INF] Get SteamDB App 588430=Fallout Shelter
2022-05-04 13:08:03.422 -04:00 [DBG] RanToCompletion
2022-05-04 13:08:03.424 -04:00 [ERR] Could not get DLC from SteamDB! Skipping...
2022-05-04 13:08:03.426 -04:00 [ERR] System.Net.Http.HttpRequestException: Response status code does not indicate success: 403 (Forbidden).
   at System.Net.Http.HttpResponseMessage.EnsureSuccessStatusCode()
   at GoldbergGUI.Core.Services.SteamService.GetListOfDlc(SteamApp steamApp, Boolean useSteamDb)
2022-05-04 13:08:05.550 -04:00 [INF] Getting achievements for App 588430=Fallout Shelter
2022-05-04 13:08:07.717 -04:00 [INF] Saving global settings...
2022-05-04 13:08:07.717 -04:00 [INF] Setting global settings...
2022-05-04 13:08:07.717 -04:00 [INF] Setting account name...
2022-05-04 13:08:07.719 -04:00 [INF] Setting user Steam ID...
2022-05-04 13:08:07.720 -04:00 [INF] Setting language...
2022-05-04 13:08:07.721 -04:00 [INF] Empty list of custom broadcast IPs! Skipping...
2022-05-04 13:08:07.721 -04:00 [INF] Setting global configuration finished.
2022-05-04 13:08:07.722 -04:00 [INF] Saving Goldberg settings...
2022-05-04 13:08:07.729 -04:00 [INF] Saving configuration...
2022-05-04 13:08:07.730 -04:00 [INF] Running DLL setup...
2022-05-04 13:08:07.732 -04:00 [INF] Copy Goldberg DLL to target path...
2022-05-04 13:08:07.738 -04:00 [INF] DLL setup finished!
2022-05-04 13:08:07.738 -04:00 [INF] Saving settings...
2022-05-04 13:08:07.740 -04:00 [INF] Downloading images...
2022-05-04 13:08:23.868 -04:00 [INF] Saving achievements...
2022-05-04 13:08:23.911 -04:00 [INF] Finished saving achievements.
2022-05-04 13:08:23.912 -04:00 [INF] No DLC set! Removing DLC configuration files...
2022-05-04 13:08:23.913 -04:00 [INF] Removed DLC configuration files.
2022-05-04 13:08:23.913 -04:00 [INF] Delete offline.txt if it exists
2022-05-04 13:08:23.914 -04:00 [INF] Delete disable_networking.txt if it exists
2022-05-04 13:08:23.914 -04:00 [INF] Delete disable_overlay.txt if it exists
2022-05-04 13:08:23.916 -04:00 [DBG] Goldberg applied? True
2022-05-04 13:08:26.769 -04:00 [INF] Saving global settings...
2022-05-04 13:08:26.769 -04:00 [INF] Setting global settings...
2022-05-04 13:08:26.769 -04:00 [INF] Setting account name...
2022-05-04 13:08:26.771 -04:00 [INF] Setting user Steam ID...
2022-05-04 13:08:26.772 -04:00 [INF] Setting language...
2022-05-04 13:08:26.774 -04:00 [INF] Empty list of custom broadcast IPs! Skipping...
2022-05-04 13:08:26.776 -04:00 [INF] Setting global configuration finished.
2022-05-04 13:08:26.779 -04:00 [INF] Saving Goldberg settings...
2022-05-04 13:08:26.868 -04:00 [INF] Saving configuration...
2022-05-04 13:08:26.868 -04:00 [INF] Running DLL setup...
2022-05-04 13:08:26.872 -04:00 [INF] Copy Goldberg DLL to target path...
2022-05-04 13:08:26.880 -04:00 [INF] DLL setup finished!
2022-05-04 13:08:26.880 -04:00 [INF] Saving settings...
2022-05-04 13:08:26.882 -04:00 [INF] Downloading images...
2022-05-04 13:08:26.898 -04:00 [INF] Saving achievements...
2022-05-04 13:08:26.923 -04:00 [INF] Finished saving achievements.
2022-05-04 13:08:26.924 -04:00 [INF] No DLC set! Removing DLC configuration files...
2022-05-04 13:08:26.925 -04:00 [INF] Removed DLC configuration files.
2022-05-04 13:08:26.925 -04:00 [INF] Delete offline.txt if it exists
2022-05-04 13:08:26.925 -04:00 [INF] Delete disable_networking.txt if it exists
2022-05-04 13:08:26.925 -04:00 [INF] Delete disable_overlay.txt if it exists
2022-05-04 13:08:26.926 -04:00 [DBG] Goldberg applied? True
2022-05-04 13:08:31.170 -04:00 [INF] Get DLC for App 588430=Fallout Shelter
2022-05-04 13:08:31.461 -04:00 [INF] Got DLC successfully...
2022-05-04 13:08:31.462 -04:00 [INF] Get SteamDB App 588430=Fallout Shelter
2022-05-04 13:08:31.581 -04:00 [DBG] RanToCompletion
2022-05-04 13:08:31.581 -04:00 [ERR] Could not get DLC from SteamDB! Skipping...
2022-05-04 13:08:31.582 -04:00 [ERR] System.Net.Http.HttpRequestException: Response status code does not indicate success: 403 (Forbidden).
   at System.Net.Http.HttpResponseMessage.EnsureSuccessStatusCode()
   at GoldbergGUI.Core.Services.SteamService.GetListOfDlc(SteamApp steamApp, Boolean useSteamDb)
2022-05-04 13:08:41.663 -04:00 [INF] Saving global settings...
2022-05-04 13:08:41.663 -04:00 [INF] Setting global settings...
2022-05-04 13:08:41.663 -04:00 [INF] Setting account name...
2022-05-04 13:08:41.665 -04:00 [INF] Setting user Steam ID...
2022-05-04 13:08:41.667 -04:00 [INF] Setting language...
2022-05-04 13:08:41.668 -04:00 [INF] Empty list of custom broadcast IPs! Skipping...
2022-05-04 13:08:41.669 -04:00 [INF] Setting global configuration finished.
2022-05-04 13:08:41.669 -04:00 [INF] Saving Goldberg settings...
2022-05-04 13:08:41.672 -04:00 [INF] Saving configuration...
2022-05-04 13:08:41.672 -04:00 [INF] Running DLL setup...
2022-05-04 13:08:41.676 -04:00 [INF] Copy Goldberg DLL to target path...
2022-05-04 13:08:41.682 -04:00 [INF] DLL setup finished!
2022-05-04 13:08:41.682 -04:00 [INF] Saving settings...
2022-05-04 13:08:41.685 -04:00 [INF] Downloading images...
2022-05-04 13:08:41.701 -04:00 [INF] Saving achievements...
2022-05-04 13:08:41.713 -04:00 [INF] Finished saving achievements.
2022-05-04 13:08:41.713 -04:00 [INF] No DLC set! Removing DLC configuration files...
2022-05-04 13:08:41.713 -04:00 [INF] Removed DLC configuration files.
2022-05-04 13:08:41.714 -04:00 [INF] Delete offline.txt if it exists
2022-05-04 13:08:41.714 -04:00 [INF] Delete disable_networking.txt if it exists
2022-05-04 13:08:41.714 -04:00 [INF] Delete disable_overlay.txt if it exists
2022-05-04 13:08:41.715 -04:00 [DBG] Goldberg applied? True
2022-05-04 13:14:34.010 -04:00 [ERR] Invalid Steam App!
2022-05-04 13:14:34.642 -04:00 [INF] Initializing download...
2022-05-04 13:14:35.199 -04:00 [WRN] No DLL selected! Skipping...
2022-05-04 13:14:35.207 -04:00 [WRN] No DLL selected! Skipping...
2022-05-04 13:14:35.208 -04:00 [WRN] No DLL selected! Skipping...
2022-05-04 13:14:35.208 -04:00 [WRN] No DLL selected! Skipping...
2022-05-04 13:14:35.550 -04:00 [INF] Check if update is needed...
2022-05-04 13:14:35.560 -04:00 [ERR] An error occured, local Goldberg setup might be broken!
2022-05-04 13:14:35.560 -04:00 [INF] Starting download...
2022-05-04 13:14:35.564 -04:00 [DBG] https://gitlab.com/Mr_Goldberg/goldberg_emulator/-/jobs/2399785210/artifacts/download
2022-05-04 13:14:39.810 -04:00 [INF] Download finished!
2022-05-04 13:14:39.820 -04:00 [DBG] Start extraction...
2022-05-04 13:14:41.914 -04:00 [INF] Extraction was successful!
2022-05-04 13:14:41.929 -04:00 [INF] Getting global settings...
2022-05-04 13:14:42.088 -04:00 [INF] Got global settings.
2022-05-04 13:14:58.491 -04:00 [INF] Reading configuration...
2022-05-04 13:14:58.492 -04:00 [INF] "steam_appid.txt" missing! Skipping...
2022-05-04 13:14:58.494 -04:00 [INF] "steam_settings/achievements.json" missing! Skipping...
2022-05-04 13:14:58.494 -04:00 [INF] "steam_settings/DLC.txt" missing! Skipping...
2022-05-04 13:14:58.500 -04:00 [DBG] Goldberg applied? False
2022-05-04 13:14:58.505 -04:00 [ERR] Invalid Steam App!
2022-05-04 13:14:58.632 -04:00 [ERR] Invalid Steam App!
2022-05-04 13:15:07.718 -04:00 [INF] Trying to get app fallout shelter
2022-05-04 13:15:07.782 -04:00 [INF] Successfully got app 588430=Fallout Shelter
2022-05-04 13:15:07.795 -04:00 [INF] Trying to get app with ID 588430
2022-05-04 13:15:07.804 -04:00 [INF] Successfully got app 588430=Fallout Shelter
2022-05-04 13:15:07.835 -04:00 [INF] Get DLC for App 588430=Fallout Shelter
2022-05-04 13:15:08.804 -04:00 [INF] Got DLC successfully...
2022-05-04 13:15:08.806 -04:00 [INF] Get SteamDB App 588430=Fallout Shelter
2022-05-04 13:15:09.027 -04:00 [DBG] RanToCompletion
2022-05-04 13:15:09.032 -04:00 [ERR] Could not get DLC from SteamDB! Skipping...
2022-05-04 13:15:09.162 -04:00 [ERR] System.Net.Http.HttpRequestException: Response status code does not indicate success: 403 (Forbidden).
   at System.Net.Http.HttpResponseMessage.EnsureSuccessStatusCode()
   at GoldbergGUI.Core.Services.SteamService.GetListOfDlc(SteamApp steamApp, Boolean useSteamDb)
2022-05-04 13:15:12.206 -04:00 [INF] Getting achievements for App 588430=Fallout Shelter
2022-05-04 13:15:15.393 -04:00 [INF] Generate steam_interfaces.txt...
2022-05-04 13:15:15.401 -04:00 [DBG] GenerateInterfacesFile C:\Users\ls356\Downloads\Fallout Shelter - Goldberg\steam_api64.dll
2022-05-04 13:15:22.977 -04:00 [INF] Get DLC for App 588430=Fallout Shelter
2022-05-04 13:15:23.274 -04:00 [INF] Got DLC successfully...
2022-05-04 13:15:23.274 -04:00 [INF] Get SteamDB App 588430=Fallout Shelter
2022-05-04 13:15:23.413 -04:00 [DBG] RanToCompletion
2022-05-04 13:15:23.413 -04:00 [ERR] Could not get DLC from SteamDB! Skipping...
2022-05-04 13:15:23.413 -04:00 [ERR] System.Net.Http.HttpRequestException: Response status code does not indicate success: 403 (Forbidden).
   at System.Net.Http.HttpResponseMessage.EnsureSuccessStatusCode()
   at GoldbergGUI.Core.Services.SteamService.GetListOfDlc(SteamApp steamApp, Boolean useSteamDb)
2022-05-04 13:15:25.023 -04:00 [INF] Saving global settings...
2022-05-04 13:15:25.027 -04:00 [INF] Setting global settings...
2022-05-04 13:15:25.027 -04:00 [INF] Setting account name...
2022-05-04 13:15:25.029 -04:00 [INF] Setting user Steam ID...
2022-05-04 13:15:25.030 -04:00 [INF] Setting language...
2022-05-04 13:15:25.031 -04:00 [INF] Empty list of custom broadcast IPs! Skipping...
2022-05-04 13:15:25.034 -04:00 [INF] Setting global configuration finished.
2022-05-04 13:15:25.035 -04:00 [INF] Saving Goldberg settings...
2022-05-04 13:15:25.069 -04:00 [INF] Saving configuration...
2022-05-04 13:15:25.069 -04:00 [INF] Running DLL setup...
2022-05-04 13:15:25.070 -04:00 [INF] Back up original Steam API DLL...
2022-05-04 13:15:25.073 -04:00 [INF] Copy Goldberg DLL to target path...
2022-05-04 13:15:25.082 -04:00 [INF] DLL setup finished!
2022-05-04 13:15:25.082 -04:00 [INF] Saving settings...
2022-05-04 13:15:25.085 -04:00 [INF] Downloading images...
2022-05-04 13:15:40.578 -04:00 [INF] Saving achievements...
2022-05-04 13:15:40.626 -04:00 [INF] Finished saving achievements.
2022-05-04 13:15:40.626 -04:00 [INF] No DLC set! Removing DLC configuration files...
2022-05-04 13:15:40.627 -04:00 [INF] Removed DLC configuration files.
2022-05-04 13:15:40.627 -04:00 [INF] Delete offline.txt if it exists
2022-05-04 13:15:40.627 -04:00 [INF] Delete disable_networking.txt if it exists
2022-05-04 13:15:40.627 -04:00 [INF] Delete disable_overlay.txt if it exists
2022-05-04 13:15:40.628 -04:00 [DBG] Goldberg applied? True
2022-05-04 13:17:23.594 -04:00 [INF] Saving global settings...
2022-05-04 13:17:23.594 -04:00 [INF] Setting global settings...
2022-05-04 13:17:23.595 -04:00 [INF] Setting account name...
2022-05-04 13:17:23.597 -04:00 [INF] Setting user Steam ID...
2022-05-04 13:17:23.598 -04:00 [INF] Setting language...
2022-05-04 13:17:23.600 -04:00 [INF] Empty list of custom broadcast IPs! Skipping...
2022-05-04 13:17:23.607 -04:00 [INF] Setting global configuration finished.
2022-05-04 13:17:23.609 -04:00 [INF] Saving Goldberg settings...
2022-05-04 13:17:23.630 -04:00 [INF] Saving configuration...
2022-05-04 13:17:23.631 -04:00 [INF] Running DLL setup...
2022-05-04 13:17:23.635 -04:00 [INF] Copy Goldberg DLL to target path...
2022-05-04 13:17:23.690 -04:00 [INF] DLL setup finished!
2022-05-04 13:17:23.690 -04:00 [INF] Saving settings...
2022-05-04 13:17:23.692 -04:00 [INF] Downloading images...
2022-05-04 13:17:23.701 -04:00 [INF] Saving achievements...
2022-05-04 13:17:23.706 -04:00 [INF] Finished saving achievements.
2022-05-04 13:17:23.706 -04:00 [INF] No DLC set! Removing DLC configuration files...
2022-05-04 13:17:23.707 -04:00 [INF] Removed DLC configuration files.
2022-05-04 13:17:23.707 -04:00 [INF] Delete offline.txt if it exists
2022-05-04 13:17:23.707 -04:00 [INF] Delete disable_networking.txt if it exists
2022-05-04 13:17:23.707 -04:00 [INF] Delete disable_overlay.txt if it exists
2022-05-04 13:17:23.707 -04:00 [DBG] Goldberg applied? True
2022-05-04 13:17:25.170 -04:00 [INF] Saving global settings...
2022-05-04 13:17:25.170 -04:00 [INF] Setting global settings...
2022-05-04 13:17:25.171 -04:00 [INF] Setting account name...
2022-05-04 13:17:25.173 -04:00 [INF] Setting user Steam ID...
2022-05-04 13:17:25.181 -04:00 [INF] Setting language...
2022-05-04 13:17:25.198 -04:00 [INF] Empty list of custom broadcast IPs! Skipping...
2022-05-04 13:17:25.207 -04:00 [INF] Setting global configuration finished.
2022-05-04 13:17:25.207 -04:00 [INF] Saving Goldberg settings...
2022-05-04 13:17:25.239 -04:00 [INF] Saving configuration...
2022-05-04 13:17:25.239 -04:00 [INF] Running DLL setup...
2022-05-04 13:17:25.243 -04:00 [INF] Copy Goldberg DLL to target path...
2022-05-04 13:17:25.250 -04:00 [INF] DLL setup finished!
2022-05-04 13:17:25.251 -04:00 [INF] Saving settings...
2022-05-04 13:17:25.271 -04:00 [INF] Downloading images...
2022-05-04 13:17:25.299 -04:00 [INF] Saving achievements...
2022-05-04 13:17:25.307 -04:00 [INF] Finished saving achievements.
2022-05-04 13:17:25.307 -04:00 [INF] No DLC set! Removing DLC configuration files...
2022-05-04 13:17:25.308 -04:00 [INF] Removed DLC configuration files.
2022-05-04 13:17:25.308 -04:00 [INF] Delete offline.txt if it exists
2022-05-04 13:17:25.308 -04:00 [INF] Delete disable_networking.txt if it exists
2022-05-04 13:17:25.308 -04:00 [INF] Delete disable_overlay.txt if it exists
2022-05-04 13:17:25.309 -04:00 [DBG] Goldberg applied? True
2022-05-04 13:17:25.920 -04:00 [INF] Saving global settings...
2022-05-04 13:17:25.920 -04:00 [INF] Setting global settings...
2022-05-04 13:17:25.921 -04:00 [INF] Setting account name...
2022-05-04 13:17:25.923 -04:00 [INF] Setting user Steam ID...
2022-05-04 13:17:25.926 -04:00 [INF] Setting language...
2022-05-04 13:17:25.928 -04:00 [INF] Empty list of custom broadcast IPs! Skipping...
2022-05-04 13:17:25.929 -04:00 [INF] Setting global configuration finished.
2022-05-04 13:17:25.929 -04:00 [INF] Saving Goldberg settings...
2022-05-04 13:17:25.962 -04:00 [INF] Saving configuration...
2022-05-04 13:17:25.963 -04:00 [INF] Running DLL setup...
2022-05-04 13:17:25.967 -04:00 [INF] Copy Goldberg DLL to target path...
2022-05-04 13:17:25.983 -04:00 [INF] DLL setup finished!
2022-05-04 13:17:25.983 -04:00 [INF] Saving settings...
2022-05-04 13:17:25.996 -04:00 [INF] Downloading images...
2022-05-04 13:17:26.022 -04:00 [INF] Saving achievements...
2022-05-04 13:17:26.039 -04:00 [INF] Finished saving achievements.
2022-05-04 13:17:26.039 -04:00 [INF] No DLC set! Removing DLC configuration files...
2022-05-04 13:17:26.040 -04:00 [INF] Removed DLC configuration files.
2022-05-04 13:17:26.040 -04:00 [INF] Delete offline.txt if it exists
2022-05-04 13:17:26.040 -04:00 [INF] Delete disable_networking.txt if it exists
2022-05-04 13:17:26.041 -04:00 [INF] Delete disable_overlay.txt if it exists
2022-05-04 13:17:26.041 -04:00 [DBG] Goldberg applied? True
2022-05-04 13:17:34.260 -04:00 [INF] Reading configuration...
2022-05-04 13:17:34.260 -04:00 [INF] Getting AppID...
2022-05-04 13:17:34.266 -04:00 [INF] Getting achievements...
2022-05-04 13:17:34.269 -04:00 [INF] "steam_settings/DLC.txt" missing! Skipping...
2022-05-04 13:17:34.299 -04:00 [INF] Trying to get app with ID 588430
2022-05-04 13:17:34.301 -04:00 [INF] Successfully got app 588430=Fallout Shelter
2022-05-04 13:17:34.575 -04:00 [DBG] Goldberg applied? True
2022-05-04 13:17:38.573 -04:00 [INF] Getting global settings...
2022-05-04 13:17:38.576 -04:00 [INF] Got global settings.
2022-05-04 13:17:38.579 -04:00 [INF] Reset form...
2022-05-04 13:17:38.603 -04:00 [INF] Reading configuration...
2022-05-04 13:17:38.604 -04:00 [INF] Getting AppID...
2022-05-04 13:17:38.604 -04:00 [INF] Getting achievements...
2022-05-04 13:17:38.609 -04:00 [INF] "steam_settings/DLC.txt" missing! Skipping...
2022-05-04 13:17:38.612 -04:00 [INF] Trying to get app with ID 588430
2022-05-04 13:17:38.614 -04:00 [INF] Successfully got app 588430=Fallout Shelter
2022-05-04 13:17:38.631 -04:00 [DBG] Goldberg applied? True
