2022-05-28 19:00:08.813 -04:00 [ERR] Invalid Steam App!
2022-05-28 19:00:09.691 -04:00 [INF] Updating cache (game)...
2022-05-28 19:00:10.495 -04:00 [WRN] No DLL selected! Skipping...
2022-05-28 19:00:10.503 -04:00 [WRN] No DLL selected! Skipping...
2022-05-28 19:00:10.504 -04:00 [WRN] No DLL selected! Skipping...
2022-05-28 19:00:10.504 -04:00 [WRN] No DLL selected! Skipping...
2022-05-28 19:00:20.512 -04:00 [INF] Updating cache (dlc)...
2022-05-28 19:00:25.276 -04:00 [INF] Initializing download...
2022-05-28 19:00:25.570 -04:00 [INF] Check if update is needed...
2022-05-28 19:00:25.583 -04:00 [ERR] An error occured, local Goldberg setup might be broken!
2022-05-28 19:00:25.585 -04:00 [INF] Starting download...
2022-05-28 19:00:25.591 -04:00 [DBG] https://gitlab.com/Mr_Goldberg/goldberg_emulator/-/jobs/2516022118/artifacts/download
2022-05-28 19:00:29.348 -04:00 [INF] Download finished!
2022-05-28 19:00:29.354 -04:00 [DBG] Start extraction...
2022-05-28 19:00:31.073 -04:00 [INF] Extraction was successful!
2022-05-28 19:00:31.078 -04:00 [INF] Getting global settings...
2022-05-28 19:00:31.083 -04:00 [INF] Got global settings.
2022-05-28 19:01:15.677 -04:00 [INF] Reading configuration...
2022-05-28 19:01:15.678 -04:00 [INF] "steam_appid.txt" missing! Skipping...
2022-05-28 19:01:15.679 -04:00 [INF] "steam_settings/achievements.json" missing! Skipping...
2022-05-28 19:01:15.680 -04:00 [INF] "steam_settings/DLC.txt" missing! Skipping...
2022-05-28 19:01:15.682 -04:00 [ERR] Invalid Steam App!
2022-05-28 19:01:15.689 -04:00 [DBG] Goldberg applied? False
2022-05-28 19:01:15.693 -04:00 [ERR] Invalid Steam App!
2022-05-28 19:01:26.724 -04:00 [INF] Trying to get app among us
2022-05-28 19:01:26.772 -04:00 [INF] Successfully got app 945360=Among Us
2022-05-28 19:01:26.783 -04:00 [INF] Trying to get app with ID 945360
2022-05-28 19:01:26.797 -04:00 [INF] Successfully got app 945360=Among Us
2022-05-28 19:01:26.810 -04:00 [INF] Get DLC for App 945360=Among Us
2022-05-28 19:01:29.362 -04:00 [INF] Got DLC successfully...
2022-05-28 19:01:29.363 -04:00 [INF] Get SteamDB App 945360=Among Us
2022-05-28 19:01:29.562 -04:00 [DBG] RanToCompletion
2022-05-28 19:01:29.566 -04:00 [ERR] Could not get DLC from SteamDB! Skipping...
2022-05-28 19:01:30.108 -04:00 [ERR] System.Net.Http.HttpRequestException: Response status code does not indicate success: 403 (Forbidden).
   at System.Net.Http.HttpResponseMessage.EnsureSuccessStatusCode()
   at GoldbergGUI.Core.Services.SteamService.GetListOfDlc(SteamApp steamApp, Boolean useSteamDb)
2022-05-28 19:01:31.663 -04:00 [INF] Getting achievements for App 945360=Among Us
2022-05-28 19:01:38.995 -04:00 [INF] Generate steam_interfaces.txt...
2022-05-28 19:01:39.002 -04:00 [DBG] GenerateInterfacesFile C:\Users\ls356\Downloads\deleteme\Among.Us.v2022.3.29s\Among.Us.v2022.3.29s\Among Us_Data\Plugins\x86\steam_api.dll
2022-05-28 19:01:44.042 -04:00 [INF] Get DLC for App 945360=Among Us
2022-05-28 19:01:44.330 -04:00 [INF] Got DLC successfully...
2022-05-28 19:01:44.330 -04:00 [INF] Get SteamDB App 945360=Among Us
2022-05-28 19:01:44.463 -04:00 [DBG] RanToCompletion
2022-05-28 19:01:44.463 -04:00 [ERR] Could not get DLC from SteamDB! Skipping...
2022-05-28 19:01:44.465 -04:00 [ERR] System.Net.Http.HttpRequestException: Response status code does not indicate success: 403 (Forbidden).
   at System.Net.Http.HttpResponseMessage.EnsureSuccessStatusCode()
   at GoldbergGUI.Core.Services.SteamService.GetListOfDlc(SteamApp steamApp, Boolean useSteamDb)
2022-05-28 19:01:47.321 -04:00 [INF] Getting achievements for App 945360=Among Us
2022-05-28 19:01:51.210 -04:00 [INF] Saving global settings...
2022-05-28 19:01:51.214 -04:00 [INF] Setting global settings...
2022-05-28 19:01:51.214 -04:00 [INF] Setting account name...
2022-05-28 19:01:51.217 -04:00 [INF] Setting user Steam ID...
2022-05-28 19:01:51.219 -04:00 [INF] Setting language...
2022-05-28 19:01:51.221 -04:00 [INF] Empty list of custom broadcast IPs! Skipping...
2022-05-28 19:01:51.224 -04:00 [INF] Setting global configuration finished.
2022-05-28 19:01:51.225 -04:00 [INF] Saving Goldberg settings...
2022-05-28 19:01:51.282 -04:00 [INF] Saving configuration...
2022-05-28 19:01:51.283 -04:00 [INF] Running DLL setup...
2022-05-28 19:01:51.284 -04:00 [INF] Back up original Steam API DLL...
2022-05-28 19:01:51.288 -04:00 [INF] Copy Goldberg DLL to target path...
2022-05-28 19:01:51.295 -04:00 [INF] DLL setup finished!
2022-05-28 19:01:51.296 -04:00 [INF] Saving settings...
2022-05-28 19:01:51.300 -04:00 [INF] Downloading images...
2022-05-28 19:02:01.240 -04:00 [INF] Saving achievements...
2022-05-28 19:02:01.258 -04:00 [INF] Finished saving achievements.
2022-05-28 19:02:01.258 -04:00 [INF] No DLC set! Removing DLC configuration files...
2022-05-28 19:02:01.258 -04:00 [INF] Removed DLC configuration files.
2022-05-28 19:02:01.258 -04:00 [INF] Delete offline.txt if it exists
2022-05-28 19:02:01.259 -04:00 [INF] Delete disable_networking.txt if it exists
2022-05-28 19:02:01.259 -04:00 [INF] Delete disable_overlay.txt if it exists
2022-05-28 19:02:01.260 -04:00 [DBG] Goldberg applied? True
2022-05-28 19:02:32.286 -04:00 [INF] Getting global settings...
2022-05-28 19:02:32.289 -04:00 [INF] Got global settings.
2022-05-28 19:02:32.297 -04:00 [INF] Reset form...
2022-05-28 19:02:32.309 -04:00 [INF] Reading configuration...
2022-05-28 19:02:32.309 -04:00 [INF] Getting AppID...
2022-05-28 19:02:32.313 -04:00 [INF] Getting achievements...
2022-05-28 19:02:32.327 -04:00 [INF] "steam_settings/DLC.txt" missing! Skipping...
2022-05-28 19:02:32.359 -04:00 [INF] Trying to get app with ID 945360
2022-05-28 19:02:32.361 -04:00 [INF] Successfully got app 945360=Among Us
2022-05-28 19:02:32.487 -04:00 [DBG] Goldberg applied? True
