2022-04-19 16:50:20.443 -04:00 [ERR] Invalid Steam App!
2022-04-19 16:50:22.851 -04:00 [INF] Updating cache (game)...
2022-04-19 16:50:25.774 -04:00 [WRN] No DLL selected! Skipping...
2022-04-19 16:50:25.783 -04:00 [WRN] No DLL selected! Skipping...
2022-04-19 16:50:25.784 -04:00 [WRN] No DLL selected! Skipping...
2022-04-19 16:50:25.785 -04:00 [WRN] No DLL selected! Skipping...
2022-04-19 16:50:39.647 -04:00 [INF] Updating cache (dlc)...
2022-04-19 16:50:44.988 -04:00 [INF] Initializing download...
2022-04-19 16:50:45.302 -04:00 [INF] Starting download...
2022-04-19 16:50:45.304 -04:00 [DBG] https://gitlab.com/Mr_Goldberg/goldberg_emulator/-/jobs/2283908277/artifacts/download
2022-04-19 16:50:48.780 -04:00 [INF] Download finished!
2022-04-19 16:50:48.792 -04:00 [DBG] Start extraction...
2022-04-19 16:50:57.314 -04:00 [INF] Extraction was successful!
2022-04-19 16:50:57.317 -04:00 [INF] Getting global settings...
2022-04-19 16:50:57.322 -04:00 [INF] Got global settings.
2022-04-19 16:51:33.162 -04:00 [INF] Reading configuration...
2022-04-19 16:51:33.163 -04:00 [INF] "steam_appid.txt" missing! Skipping...
2022-04-19 16:51:33.165 -04:00 [INF] "steam_settings/achievements.json" missing! Skipping...
2022-04-19 16:51:33.165 -04:00 [INF] "steam_settings/DLC.txt" missing! Skipping...
2022-04-19 16:51:33.167 -04:00 [ERR] Invalid Steam App!
2022-04-19 16:51:33.173 -04:00 [DBG] Goldberg applied? False
2022-04-19 16:51:33.177 -04:00 [ERR] Invalid Steam App!
2022-04-19 16:51:35.904 -04:00 [ERR] No game name entered!
2022-04-19 16:51:35.922 -04:00 [ERR] No game name entered!
2022-04-19 16:51:53.845 -04:00 [INF] Trying to get app the stanley parable
2022-04-19 16:51:53.883 -04:00 [INF] Successfully got app 221910=The Stanley Parable
2022-04-19 16:51:53.893 -04:00 [INF] Trying to get app with ID 221910
2022-04-19 16:51:53.905 -04:00 [INF] Successfully got app 221910=The Stanley Parable
2022-04-19 16:51:54.030 -04:00 [INF] Get DLC for App 221910=The Stanley Parable
2022-04-19 16:51:55.268 -04:00 [INF] Got DLC successfully...
2022-04-19 16:51:55.269 -04:00 [INF] Get SteamDB App 221910=The Stanley Parable
2022-04-19 16:51:55.504 -04:00 [DBG] RanToCompletion
2022-04-19 16:51:55.513 -04:00 [ERR] Could not get DLC from SteamDB! Skipping...
2022-04-19 16:51:55.770 -04:00 [ERR] System.Net.Http.HttpRequestException: Response status code does not indicate success: 403 (Forbidden).
   at System.Net.Http.HttpResponseMessage.EnsureSuccessStatusCode()
   at GoldbergGUI.Core.Services.SteamService.GetListOfDlc(SteamApp steamApp, Boolean useSteamDb)
2022-04-19 16:52:04.455 -04:00 [INF] Generate steam_interfaces.txt...
2022-04-19 16:52:04.463 -04:00 [DBG] GenerateInterfacesFile C:\Program Files (x86)\Galactic Cafe\The Stanley Parable\bin\win64\steam_api64.dll
2022-04-19 16:52:04.499 -04:00 [ERR] MvxAsyncCommand : exception executing task : 
2022-04-19 16:52:30.406 -04:00 [ERR] Invalid Steam App!
2022-04-19 16:52:30.641 -04:00 [INF] Initializing download...
2022-04-19 16:52:31.756 -04:00 [WRN] No DLL selected! Skipping...
2022-04-19 16:52:31.760 -04:00 [WRN] No DLL selected! Skipping...
2022-04-19 16:52:31.760 -04:00 [WRN] No DLL selected! Skipping...
2022-04-19 16:52:31.760 -04:00 [WRN] No DLL selected! Skipping...
2022-04-19 16:52:31.814 -04:00 [INF] Check if update is needed...
2022-04-19 16:52:31.822 -04:00 [ERR] An error occured, local Goldberg setup might be broken!
2022-04-19 16:52:31.822 -04:00 [INF] Starting download...
2022-04-19 16:52:31.828 -04:00 [DBG] https://gitlab.com/Mr_Goldberg/goldberg_emulator/-/jobs/2283908277/artifacts/download
2022-04-19 16:52:35.241 -04:00 [INF] Download finished!
2022-04-19 16:52:35.247 -04:00 [DBG] Start extraction...
2022-04-19 16:52:43.945 -04:00 [INF] Extraction was successful!
2022-04-19 16:52:43.948 -04:00 [INF] Getting global settings...
2022-04-19 16:52:43.952 -04:00 [INF] Got global settings.
2022-04-19 16:53:21.256 -04:00 [INF] Trying to get app the stanley par
2022-04-19 16:53:24.799 -04:00 [INF] Successfully got app 221910=The Stanley Parable
2022-04-19 16:53:24.869 -04:00 [INF] Trying to get app with ID 221910
2022-04-19 16:53:24.882 -04:00 [INF] Successfully got app 221910=The Stanley Parable
2022-04-19 16:53:24.902 -04:00 [INF] Get DLC for App 221910=The Stanley Parable
2022-04-19 16:53:25.891 -04:00 [INF] Got DLC successfully...
2022-04-19 16:53:25.892 -04:00 [INF] Get SteamDB App 221910=The Stanley Parable
2022-04-19 16:53:26.049 -04:00 [DBG] RanToCompletion
2022-04-19 16:53:26.051 -04:00 [ERR] Could not get DLC from SteamDB! Skipping...
2022-04-19 16:53:26.077 -04:00 [ERR] System.Net.Http.HttpRequestException: Response status code does not indicate success: 403 (Forbidden).
   at System.Net.Http.HttpResponseMessage.EnsureSuccessStatusCode()
   at GoldbergGUI.Core.Services.SteamService.GetListOfDlc(SteamApp steamApp, Boolean useSteamDb)
2022-04-19 16:53:36.814 -04:00 [INF] Get DLC for App 221910=The Stanley Parable
2022-04-19 16:53:37.207 -04:00 [INF] Got DLC successfully...
2022-04-19 16:53:37.209 -04:00 [INF] Get SteamDB App 221910=The Stanley Parable
2022-04-19 16:53:37.370 -04:00 [DBG] RanToCompletion
2022-04-19 16:53:37.371 -04:00 [ERR] Could not get DLC from SteamDB! Skipping...
2022-04-19 16:53:37.374 -04:00 [ERR] System.Net.Http.HttpRequestException: Response status code does not indicate success: 403 (Forbidden).
   at System.Net.Http.HttpResponseMessage.EnsureSuccessStatusCode()
   at GoldbergGUI.Core.Services.SteamService.GetListOfDlc(SteamApp steamApp, Boolean useSteamDb)
2022-04-19 16:53:57.826 -04:00 [INF] Reading configuration...
2022-04-19 16:53:57.828 -04:00 [INF] "steam_appid.txt" missing! Skipping...
2022-04-19 16:53:57.830 -04:00 [INF] "steam_settings/achievements.json" missing! Skipping...
2022-04-19 16:53:57.830 -04:00 [INF] "steam_settings/DLC.txt" missing! Skipping...
2022-04-19 16:53:57.832 -04:00 [ERR] Invalid Steam App!
2022-04-19 16:53:57.836 -04:00 [DBG] Goldberg applied? False
2022-04-19 16:53:57.838 -04:00 [ERR] Invalid Steam App!
2022-04-19 16:54:00.470 -04:00 [INF] Getting global settings...
2022-04-19 16:54:00.472 -04:00 [INF] Got global settings.
2022-04-19 16:54:00.479 -04:00 [INF] Reset form...
2022-04-19 16:54:00.503 -04:00 [INF] Reading configuration...
2022-04-19 16:54:00.504 -04:00 [INF] "steam_appid.txt" missing! Skipping...
2022-04-19 16:54:00.504 -04:00 [INF] "steam_settings/achievements.json" missing! Skipping...
2022-04-19 16:54:00.505 -04:00 [INF] "steam_settings/DLC.txt" missing! Skipping...
2022-04-19 16:54:00.507 -04:00 [ERR] Invalid Steam App!
2022-04-19 16:54:00.510 -04:00 [DBG] Goldberg applied? False
2022-04-19 16:54:08.765 -04:00 [INF] Generate steam_interfaces.txt...
2022-04-19 16:54:08.773 -04:00 [DBG] GenerateInterfacesFile C:\Program Files (x86)\Galactic Cafe\The Stanley Parable\bin\win64\steam_api64.dll
2022-04-19 16:54:08.809 -04:00 [ERR] MvxAsyncCommand : exception executing task : 
2022-04-19 16:59:35.668 -04:00 [ERR] Invalid Steam App!
2022-04-19 16:59:36.441 -04:00 [INF] Initializing download...
2022-04-19 16:59:37.877 -04:00 [WRN] No DLL selected! Skipping...
2022-04-19 16:59:37.883 -04:00 [WRN] No DLL selected! Skipping...
2022-04-19 16:59:37.883 -04:00 [WRN] No DLL selected! Skipping...
2022-04-19 16:59:37.884 -04:00 [WRN] No DLL selected! Skipping...
2022-04-19 16:59:38.941 -04:00 [INF] Check if update is needed...
2022-04-19 16:59:38.952 -04:00 [ERR] An error occured, local Goldberg setup might be broken!
2022-04-19 16:59:38.952 -04:00 [INF] Starting download...
2022-04-19 16:59:38.954 -04:00 [DBG] https://gitlab.com/Mr_Goldberg/goldberg_emulator/-/jobs/2283908277/artifacts/download
2022-04-19 16:59:42.604 -04:00 [INF] Download finished!
2022-04-19 16:59:42.612 -04:00 [DBG] Start extraction...
2022-04-19 16:59:52.333 -04:00 [INF] Extraction was successful!
2022-04-19 16:59:52.336 -04:00 [INF] Getting global settings...
2022-04-19 16:59:52.342 -04:00 [INF] Got global settings.
